Start testing: Apr 23 23:22 UTC
----------------------------------------------------------
11/13 Testing: neural_tests
11/13 Test: neural_tests
Command: "/home/ubuntu/workspace/build/bin/test/neural_tests"
Directory: /home/ubuntu/workspace/build/bin/test
"neural_tests" start time: Apr 23 23:22 UTC
Output:
----------------------------------------------------------
[==========] Running 12 tests from 1 test case.
[----------] Global test environment set-up.
[----------] 12 tests from NeuralNetworkTests
[ RUN      ] NeuralNetworkTests.TestTrain1
[44m[37mTraining Neural Network (100 iterations).[m
[41m[37mEnd of the training. 100 iterations. Error: 4[m
/home/ubuntu/workspace/test/neural_tests.cpp:55: Failure
The difference between 0 and error is 4, which exceeds 0.1, where
0 evaluates to 0,
error evaluates to 4, and
0.1 evaluates to 0.10000000000000001.
[  FAILED  ] NeuralNetworkTests.TestTrain1 (1 ms)
[ RUN      ] NeuralNetworkTests.TestTrain2
[44m[37mTraining Neural Network (500 iterations).[m
[41m[37mEnd of the training. 500 iterations. Error: 0.0005141[m
[       OK ] NeuralNetworkTests.TestTrain2 (108 ms)
[ RUN      ] NeuralNetworkTests.TestTrain3
[44m[37mTraining Neural Network (500 iterations).[m
[41m[37mEnd of the training. Error 0.01054[m
/home/ubuntu/workspace/test/neural_tests.cpp:89: Failure
The difference between 0 and error is 0.010541838593780994, which exceeds 0.01, where
0 evaluates to 0,
error evaluates to 0.010541838593780994, and
0.01 evaluates to 0.01.
[  FAILED  ] NeuralNetworkTests.TestTrain3 (16 ms)
[ RUN      ] NeuralNetworkTests.TestTrain4
[44m[37mTraining Neural Network (500 iterations).[m
[41m[37mEnd of the training. Error 0.01004[m
[       OK ] NeuralNetworkTests.TestTrain4 (31 ms)
[ RUN      ] NeuralNetworkTests.TestTrain5
[44m[37mTraining Neural Network (5000 iterations).[m
[41m[37mEnd of the training. Error 0.1444[m
[       OK ] NeuralNetworkTests.TestTrain5 (177 ms)
[ RUN      ] NeuralNetworkTests.TestConstructorVectorLayers
[44m[37mTraining Neural Network (100 iterations).[m
[41m[37mEnd of the training. 100 iterations. Error: 2[m
/home/ubuntu/workspace/test/neural_tests.cpp:143: Failure
The difference between 0 and error is 1.9999991655349731, which exceeds 0.1, where
0 evaluates to 0,
error evaluates to 1.9999991655349731, and
0.1 evaluates to 0.10000000000000001.
[  FAILED  ] NeuralNetworkTests.TestConstructorVectorLayers (1 ms)
[ RUN      ] NeuralNetworkTests.TestSaveLoad
[44m[37mTraining Neural Network (100 iterations).[m
[41m[37mEnd of the training. 100 iterations. Error: 2[m
/home/ubuntu/workspace/test/neural_tests.cpp:159: Failure
The difference between 0 and error is 0.5, which exceeds 0.1, where
0 evaluates to 0,
error evaluates to 0.5, and
0.1 evaluates to 0.10000000000000001.
[  FAILED  ] NeuralNetworkTests.TestSaveLoad (1 ms)
[ RUN      ] NeuralNetworkTests.TestConstructorWeights
[       OK ] NeuralNetworkTests.TestConstructorWeights (0 ms)
[ RUN      ] NeuralNetworkTests.TestDeltaStop
[44m[37mTraining Neural Network (1000000 iterations).[m
[41m[37mEnd of the training. 2 iterations. Error: 2[m
/home/ubuntu/workspace/test/neural_tests.cpp:184: Failure
The difference between 0 and error is 1.9999991655349731, which exceeds 0.001, where
0 evaluates to 0,
error evaluates to 1.9999991655349731, and
0.001 evaluates to 0.001.
[  FAILED  ] NeuralNetworkTests.TestDeltaStop (0 ms)
[ RUN      ] NeuralNetworkTests.TestTrain6
[44m[37mTraining Neural Network (1000 iterations).[m
[41m[37mEnd of the training. 1000 iterations. Error: 2.224[m
/home/ubuntu/workspace/test/neural_tests.cpp:207: Failure
Value of: output[0] > 0
  Actual: false
Expected: true
[  FAILED  ] NeuralNetworkTests.TestTrain6 (50 ms)
[ RUN      ] NeuralNetworkTests.TestSGD
[44m[37mTraining Neural Network (50 iterations).[m
0.5
0.5
0.5
0.5
0.5
0.5
0.5
0.5
0.5
0.5
0.5
0.5
0.5
0.5
0.5
0.5
0.5
0.5
0.5
0.5
0.5
0.5
0.5
0.5
0.5
0.5
0.5
0.5
0.5
0.5
0.5
0.5
0.5
0.5
0.5
0.5
0.5
0.5
0.5
0.5
0.5
0.5
0.5
0.5
0.5
0.5
0.5
0.5
0.5
0.5
[41m[37mEnd of the training. 50 iterations. Error: 0.5[m
/home/ubuntu/workspace/test/neural_tests.cpp:230: Failure
The difference between 0 and error is 0.5, which exceeds 1e-10, where
0 evaluates to 0,
error evaluates to 0.5, and
1e-10 evaluates to 1e-10.
[  FAILED  ] NeuralNetworkTests.TestSGD (1 ms)
[ RUN      ] NeuralNetworkTests.TestSGDOverfit
[44m[37mTraining Neural Network (300000 iterations).[m
0.5243
0.5243
0.5243
0.5243
0.5243
0.5243
0.5243
0.5243
0.5243
0.5243
0.5243
0.5243
0.5243
0.5146
0.4951
0.4951
0.4951
0.4951
0.4951
0.4951
0.4951
0.4951
0.4951
0.4951
0.4951
0.4951
0.5049
0.5146
0.4951
0.4951
0.4951
0.4951
0.4951
0.4951
0.4951
0.4951
0.4951
0.4951
0.4951
0.4951
0.4951
0.4951
0.4951
0.4951
0.4951
0.4951
0.4951
0.4951
0.4951
0.4951
0.4951
0.5146
0.4951
0.4951
0.5049
0.5049
0.4951
0.4951
0.4951
0.4951
0.4951
0.4951
0.4951
0.4951
0.4951
0.4951
0.4951
0.4951
0.4951
0.4951
0.4951
0.4951
0.4951
0.4951
0.4854
0.4854
0.4854
0.4854
0.4854
0.4854
0.4854
0.4854
0.4854
0.4854
0.4854
0.4757
0.4757
0.4757
0.4757
0.4757
0.4757
0.4757
0.4757
0.4757
0.4757
0.4563
0.4563
0.4563
0.466
0.466
0.466
0.466
0.466
0.4563
0.4563
0.4466
0.4563
0.466
0.466
0.466
0.4563
0.4563
0.4563
0.466
0.466
0.466
0.466
0.466
0.466
0.466
0.466
0.466
0.4563
0.466
0.466
0.466
0.4563
0.4563
0.4563
0.466
0.4563
0.4563
0.466
0.466
0.466
0.466
0.4563
0.4563
0.4563
0.4563
0.4563
0.4563
0.4563
0.4563
0.466
0.4563
0.4563
0.4563
0.4466
0.466
0.466
0.466
0.466
0.466
0.4563
0.4563
0.4563
0.4563
0.466
0.466
0.466
0.4563
0.4563
0.4563
0.4563
0.466
0.466
0.4563
0.4563
0.4563
0.4563
0.4563
0.4466
0.466
0.4563
0.466
0.4563
0.4563
0.4563
0.4563
0.4854
0.4854
0.4854
0.4563
0.4563
0.4854
0.4757
0.4854
0.4854
0.4854
0.466
0.466
0.4563
0.4563
0.4563
0.466
0.4563
0.4563
0.466
0.466
0.466
0.466
0.466
0.466
0.4563
0.4563
0.4563
0.4563
0.4563
0.4563
0.4563
0.4466
0.4563
0.4466
0.4466
0.4466
0.4466
0.4466
0.4466
0.4466
0.4466
0.4466
0.4466
0.4466
0.4466
0.4466
0.4466
0.4466
0.4466
0.4563
0.4563
0.4563
0.4466
0.4466
0.4563
0.4563
0.4563
0.4466
0.4466
0.4563
0.4563
0.4563
0.4563
0.4563
0.4466
0.4466
0.4466
0.4466
0.4466
0.4466
0.4466
0.4466
0.4466
0.4466
0.466
0.466
0.466
0.466
0.4563
0.4563
0.466
0.466
0.466
0.466
0.466
0.466
0.466
0.4563
0.4563
0.466
0.466
0.4854
0.4854
0.4854
0.4854
0.4854
0.466
0.466
0.4854
0.4854
0.4854
0.4854
0.466
0.4563
0.466
0.4854
0.466
0.466
0.4757
0.4757
0.466
0.466
0.466
0.4563
0.466
0.466
0.466
0.4563
0.4466
0.466
0.4563
0.4563
0.4563
0.4563
0.4466
0.4563
0.4563
0.4563
0.4466
0.4466
0.4466
0.4466
0.4466
0.4466
0.4466
0.4563
0.4563
0.4466
0.4466
0.4466
0.4563
0.4466
0.4466
0.4466
0.4563
0.4563
0.4563
0.4563
0.4563
0.4563
0.466
0.466
0.4563
0.4563
0.4563
0.4563
0.4563
0.4466
0.4563
0.466
0.4563
0.4563
0.4563
0.4563
0.4563
0.4563
0.4563
0.4854
0.4757
0.4757
0.466
0.466
0.4563
0.466
0.466
0.466
0.466
0.466
0.466
0.466
0.466
0.466
0.466
0.466
0.466
0.4854
0.466
0.466
0.466
0.4563
0.4563
0.4563
0.4563
0.4563
0.4757
0.466
0.466
0.4757
0.4757
0.4757
0.4757
0.4757
0.4757
0.466
0.466
0.4757
0.466
0.466
0.4563
0.466
0.4757
0.4854
0.4757
0.4757
0.4854
0.4757
0.4757
0.4757
0.4854
0.4757
0.4854
0.4757
0.466
0.4757
0.4466
0.4466
0.466
0.4563
0.4563
0.466
0.466
0.466
0.4563
0.4757
0.4757
0.466
0.4757
0.4563
0.4466
0.4563
0.4563
0.4369
0.4369
0.4369
0.4466
0.466
0.466
0.4563
0.4563
0.4563
0.4563
0.4466
0.4466
0.4369
0.4466
0.4369
0.4466
0.4272
0.4466
0.4175
0.4466
0.4369
0.4369
0.4369
0.4369
0.4369
0.4466
0.4563
0.4466
0.4466
0.4466
0.4563
0.4563
0.4563
0.4563
0.4563
0.4563
0.4757
0.4757
0.4563
0.4563
0.4563
0.4563
0.4466
0.4272
0.4369
0.4369
0.4369
0.4369
0.4369
0.4466
0.4563
0.4563
0.4563
0.4563
0.4369
0.4369
0.4369
0.4369
0.4466
0.4369
0.4272
0.4272
0.4369
0.4369
0.4466
0.4369
0.4369
0.4272
0.4272
0.4272
0.4369
0.4369
0.4369
0.4369
0.4369
0.4466
0.4272
0.4466
0.4466
0.466
0.466
0.466
0.466
0.466
0.466
0.4563
0.466
0.466
0.4466
0.4757
0.4563
0.4563
0.4563
0.4369
0.4369
0.4757
0.4563
0.4466
0.4466
0.4466
0.4466
0.4466
0.4466
0.4466
0.4466
0.4272
0.4272
0.4369
0.4272
0.4369
0.4369
0.4466
0.4466
0.4369
0.4369
0.4563
0.4563
0.4369
0.4369
0.4272
0.4369
0.4466
0.4563
0.466
0.466
0.466
0.4563
0.4563
0.4466
0.4466
0.4466
0.4466
0.4466
0.4466
0.4563
0.4466
0.4466
0.4466
0.4563
0.4369
0.4272
0.4369
0.4369
0.4369
0.4369
0.4272
0.4272
0.4078
0.4272
0.4175
0.4175
0.4272
0.4369
0.4369
0.4175
0.4175
0.4078
0.4272
0.4369
0.4369
0.4369
0.4369
0.4369
0.4369
0.4369
0.4369
0.4272
0.4272
0.4272
0.4272
0.4272
0.4272
0.4272
0.4369
0.4369
0.4369
0.4369
0.4369
0.4369
0.4369
0.4369
0.4369
0.4369
0.4369
0.4466
0.4369
0.4369
0.4369
0.4369
0.4563
0.4369
0.4563
0.4369
0.4466
0.4272
0.4272
0.4272
0.4272
0.4272
0.4272
0.4272
0.4466
0.4369
0.4563
0.466
0.4563
0.466
0.466
0.466
0.4563
0.4563
0.4563
0.4563
0.466
0.466
0.466
0.466
0.466
0.466
0.4563
0.4466
0.4563
0.4466
0.4369
0.4466
0.466
0.4757
0.466
0.4757
0.4951
0.4854
0.4951
0.4951
0.4951
0.4951
0.4757
0.466
0.4757
0.466
0.466
0.4466
0.4466
0.4466
0.4466
0.4466
0.4369
0.4369
0.4466
0.4369
0.4175
0.4175
0.4272
0.4175
0.4466
0.4466
0.4757
0.4466
0.4272
0.4466
0.4563
0.4369
0.4757
0.466
0.466
0.4757
0.4563
0.4757
0.4757
0.4757
0.4757
0.4854
0.4563
0.4563
0.4272
0.4272
0.4078
0.3981
0.4078
0.4272
0.4175
0.4078
0.4272
0.3981
0.4272
0.4369
0.4272
0.4175
0.4175
0.4466
0.4563
0.4563
0.4466
0.4563
0.4563
0.4563
0.4563
0.466
0.4757
0.4466
0.4466
0.4466
0.4466
0.4466
0.4369
0.4563
0.4078
0.4175
0.4369
0.4272
0.4369
0.4369
0.4369
0.4466
0.4272
0.4466
0.4369
0.4369
0.4369
0.4369
0.4369
0.4369
0.4369
0.4369
0.4369
0.4369
0.4369
0.4466
0.4466
0.4466
0.4466
0.4466
0.4466
0.4369
0.4369
0.4369
0.4175
0.4175
0.4272
0.4272
0.4466
0.4466
0.4466
0.4466
0.4466
0.4563
0.4563
0.4369
0.4272
0.4272
0.4272
0.4369
0.4369
0.4272
0.4272
0.4466
0.4369
0.4369
0.4369
0.4466
0.4272
0.4466
0.4466
0.4466
0.4175
0.466
0.4563
0.4175
0.4466
0.4466
0.466
0.466
0.4757
0.4757
0.4466
0.4466
0.4272
0.4272
0.4272
0.4563
0.4369
0.4563
0.4175
0.4272
0.4272
0.4175
0.4272
0.4078
0.4175
0.3981
0.4272
0.466
0.4369
0.4369
0.466
0.4466
0.4563
0.466
0.466
0.4757
0.4854
0.4854
0.4757
0.4854
0.4854
0.4757
0.4757
0.466
0.4563
0.4563
0.4369
0.466
0.4563
0.466
0.4272
0.466
0.4272
0.4369
0.4563
0.4563
0.466
0.4466
0.4369
0.4563
0.4757
0.4757
0.4757
0.4951
0.4951
0.5243
0.5146
0.4854
0.4466
0.4563
0.466
0.4757
0.4466
0.4466
0.4272
0.4272
0.4272
0.4369
0.4563
0.4854
0.4757
0.4854
0.466
0.4757
0.466
0.5049
0.4757
0.4757
0.4466
0.466
0.4563
0.4563
0.4757
0.4563
0.4757
0.4466
0.466
0.4466
0.4466
0.4466
0.4466
0.4563
0.466
0.466
0.4563
0.4466
0.4466
0.4757
0.466
0.4563
0.4563
0.4563
0.466
0.466
0.466
0.466
0.466
0.4369
0.4369
0.4369
0.4369
0.4272
0.4369
0.4369
0.4272
0.4078
0.4175
0.4078
0.4466
0.4369
0.4369
0.4466
0.4466
0.4369
0.4369
0.4078
0.4272
0.4175
0.4175
0.3981
0.4078
0.4078
0.4175
0.4272
0.4175
0.4078
0.4272
0.4272
0.4466
0.4466
0.4563
0.4757
0.4854
0.4854
0.4951
0.4854
0.4951
0.4757
0.4854
0.4757
0.4854
0.4951
0.4951
0.4563
0.4272
0.4466
0.4466
0.4369
0.4563
0.4466
0.4563
0.4563
0.4563
0.4563
0.466
0.4563
0.4951
0.4757
0.5049
0.5049
0.4951
0.5049
0.5146
0.5146
0.466
0.4854
0.4854
0.466
0.4563
0.466
0.4466
0.4466
0.4563
0.4563
0.4466
0.4369
0.4466
0.4369
0.4369
0.4272
0.4466
0.4563
0.4466
0.4369
0.4272
0.4369
0.4369
0.4466
0.4466
0.4466
0.4466
0.4466
0.4369
0.4466
0.4272
0.4369
0.4369
0.4078
0.4369
0.4466
0.4175
0.4272
0.4078
0.4369
0.466
0.4951
0.466
0.4272
0.4272
0.4272
0.4369
0.4369
0.4078
0.4175
0.4563
0.4466
0.4175
0.4466
0.4466
0.4078
0.4272
0.4175
0.4272
0.4369
0.4272
0.4272
0.4369
0.4078
0.4175
0.3981
0.4175
0.4175
0.4272
0.4272
0.4272
0.4757
0.4951
0.4757
0.4854
0.4854
0.4466
0.4466
0.4563
0.3981
0.4466
0.4175
0.4078
0.4272
0.4272
0.4369
0.4272
0.4369
0.4175
0.4078
0.4175
0.4175
0.4272
0.4175
0.4272
0.4175
0.3981
0.4175
0.4078
0.4078
0.4078
0.4078
0.4175
0.4272
0.4272
0.4369
0.4078
0.3981
0.4369
0.4369
0.4272
0.4272
0.4175
0.4175
0.4175
0.3981
0.3981
0.4175
0.3786
0.3592
0.3689
0.3689
0.3592
0.3689
0.3689
0.3592
0.3883
0.3786
0.3592
0.3981
0.3592
0.3398
0.3689
0.3495
0.3786
0.3689
0.3981
0.3981
0.3981
0.4078
0.3689
0.3981
0.3981
0.3981
0.4078
0.3689
0.3883
0.4078
0.3786
0.3786
0.4272
0.3689
0.4175
0.4175
0.3786
0.3786
0.3883
0.4078
0.4078
0.3883
0.3786
0.3981
0.4078
0.3981
0.3883
0.3883
0.3883
0.3883
0.3883
0.3786
0.3786
0.3592
0.3689
0.3786
0.3786
0.3689
0.3689
0.3786
0.3592
0.3689
0.3981
0.3689
0.3398
0.3592
0.3689
0.3592
0.4369
0.4369
0.4272
0.3689
0.4369
0.4078
0.3495
0.3592
0.3495
0.3495
0.3495
0.3398
0.3592
0.3495
0.3592
0.3301
0.3495
0.3398
0.3495
0.3592
0.3301
0.3689
0.3398
0.3592
0.3689
0.3495
0.3786
0.4078
0.3883
0.3883
0.3689
0.3398
0.3495
0.3398
0.3592
0.3398
0.3398
0.3495
0.3398
0.3689
0.3786
0.3495
0.3689
0.3301
0.3398
0.3107
0.3398
0.3786
0.3204
0.3883
0.3301
0.3107
0.3204
0.3107
0.3204
0.3204
0.3204
0.3301
0.3301
0.3204
0.3495
0.3689
0.3204
0.3107
0.3107
0.3398
0.3301
0.3301
0.3301
0.3301
0.3301
0.301
0.3107
0.3204
0.3107
0.301
0.3301
0.3495
0.3495
0.3107
0.3204
0.3398
0.3398
0.2913
0.301
0.3204
0.3204
0.3204
0.3107
0.3301
0.3107
0.3204
0.301
0.3301
0.3301
0.3398
0.3398
0.3592
0.3495
0.3495
0.3204
0.3398
0.3592
0.3592
0.3204
0.3204
0.3204
0.3301
0.3495
0.3592
0.3398
0.3398
0.3301
0.3204
0.3204
0.3204
0.3107
0.3107
0.3204
0.3204
0.3107
0.3204
0.3398
0.4078
0.3398
0.3883
0.4175
0.3301
0.3301
0.3204
0.3301
0.3204
0.3204
0.2816
0.3107
0.301
0.3107
0.3786
0.3107
0.3107
0.3107
0.301
0.2913
0.3107
0.3204
0.3398
0.3398
0.3301
0.4175
0.3786
0.3689
0.3689
0.3204
0.3301
0.301
0.301
0.3107
0.301
0.3107
0.3107
0.3301
0.3204
0.301
0.3204
0.3301
0.3398
0.301
0.3107
0.3204
0.3592
0.3689
0.4078
0.3786
0.3786
0.3107
0.3398
0.3495
0.3204
0.3495
0.3204
0.3204
0.3301
0.3495
0.3301
0.3398
0.3495
0.3107
0.2913
0.3398
0.2913
0.3398
0.2913
0.3398
0.3107
0.3107
0.3204
0.2913
0.301
0.3107
0.3204
0.301
0.3107
0.3107
0.301
0.2718
0.301
0.3204
0.3204
0.3204
0.3204
0.3204
0.3204
0.3204
0.3204
0.3204
0.3495
0.3398
0.3204
0.3204
0.3592
0.3398
0.3592
0.3495
0.3398
0.3107
0.3204
0.3495
0.3398
0.3398
0.3398
0.3398
0.3398
0.3398
0.3301
0.3107
0.3204
0.3495
0.3495
0.3107
0.301
0.2913
0.2913
0.2718
0.301
0.3204
0.3204
0.301
0.2913
0.301
0.301
0.2913
0.2913
0.2816
0.2816
0.2913
0.2816
0.301
0.301
0.3107
0.3204
0.3204
0.2913
0.301
0.301
0.3495
0.3398
0.3689
0.3204
0.3301
0.4175
0.3786
0.3204
0.3786
0.3204
0.2913
0.3204
0.3107
0.301
0.301
0.301
0.2913
0.301
0.3107
0.301
0.2816
0.2718
0.301
0.2913
0.301
0.301
0.3301
0.3495
0.3592
0.4369
0.4369
0.4175
0.4175
0.3981
0.3981
0.4078
0.3981
0.3981
0.4175
0.4175
0.4175
0.4175
0.3981
0.4175
0.4175
0.4078
0.4078
0.3981
0.4078
0.4175
0.3981
0.3883
0.3786
0.3689
0.3592
0.3495
0.3495
0.3592
0.3107
0.3495
0.3107
0.3398
0.3495
0.3107
0.3107
0.3204
0.3204
0.3592
0.3107
0.2913
0.3107
0.3107
0.3204
0.301
0.2913
0.301
0.2816
0.2913
0.2913
0.2816
0.2816
0.301
0.2913
0.3107
0.3204
0.3204
0.3592
0.3689
0.3981
0.3786
0.3689
0.2913
0.3398
0.3398
0.2718
0.2718
0.2913
0.2718
0.2816
0.2913
0.3204
0.2913
0.2816
0.3301
0.3204
0.3398
0.3495
0.3398
0.3495
0.3301
0.3301
0.3301
0.3107
0.301
0.2913
0.3107
0.2816
0.2913
0.301
0.3107
0.3204
0.301
0.2816
0.2913
0.301
0.3981
0.3301
0.3301
0.3107
0.3107
0.301
0.301
0.301
0.2816
0.2913
0.2718
0.2816
0.3204
0.2816
0.3107
0.3204
0.2816
0.2913
0.2718
0.2718
0.2718
0.3301
0.3107
0.3107
0.3107
0.3107
0.3107
0.301
0.3398
0.3689
0.3592
0.3301
0.3883
0.3398
0.3398
0.3204
0.3301
0.3495
0.3689
0.3981
0.3689
0.3398
0.3398
0.3495
0.3495
0.3495
0.3398
0.3204
0.3107
0.301
0.2913
0.2718
0.3107
0.3301
0.3301
0.3689
0.3883
0.4078
0.3981
0.4078
0.4175
0.3786
0.4175
0.4078
0.3689
0.3689
0.4078
0.3883
0.4369
0.4272
0.4369
0.3592
0.3689
0.3204
0.3786
0.3592
0.3786
0.3495
0.3495
0.3883
0.3592
0.3883
0.3592
0.3786
0.3592
0.3592
0.3689
0.3689
0.3786
0.3398
0.3301
0.3204
0.3398
0.3495
0.3495
0.3301
0.3204
0.3495
0.3495
0.3495
0.3689
0.3592
0.3204
0.3495
0.3204
0.3301
0.3301
0.3301
0.2913
0.2913
0.2718
0.2816
0.2816
0.3204
0.3107
0.301
0.301
0.2913
0.2913
0.2913
0.2913
0.3204
0.3883
0.3786
0.3689
0.3592
0.3883
0.3689
0.3883
0.3786
0.3786
0.3592
0.3689
0.3786
0.3398
0.2816
0.2913
0.2913
0.2718
0.3495
0.2913
0.301
0.3204
0.3301
0.3107
0.2621
0.2816
0.301
0.3107
0.301
0.301
0.2718
0.2621
0.2913
0.2621
0.3107
0.2913
0.301
0.3107
0.301
0.3107
0.301
0.2913
0.2913
0.4369
0.4466
0.4175
0.4078
0.4078
0.3592
0.3592
0.2913
0.3495
0.301
0.301
0.3107
0.3107
0.3107
0.3107
0.3689
0.301
0.3204
0.3107
0.3204
0.3204
0.301
0.3204
0.3204
0.3204
0.3107
0.3107
0.3107
0.3107
0.3204
0.3107
0.2913
0.2913
0.301
0.301
0.3301
0.301
0.2913
0.301
0.301
0.301
0.301
0.3204
0.301
0.2816
0.3204
0.301
0.3107
0.301
0.301
0.301
0.3107
0.3301
0.301
0.2816
0.301
0.2913
0.2816
0.301
0.2913
0.301
0.301
0.2913
0.301
0.301
0.301
0.3107
0.3495
0.2913
0.301
0.3301
0.3107
0.3204
0.3398
0.3204
0.3107
0.3204
0.3301
0.3301
0.3301
0.3301
0.3398
0.3204
0.3204
0.3204
0.301
0.3107
0.3301
0.2913
0.2913
0.301
0.2816
0.3689
0.3398
0.301
0.2816
0.2913
0.301
0.2913
0.301
0.3204
0.2913
0.2718
0.2913
0.2816
0.2913
0.3592
0.3689
0.3398
0.301
0.2524
0.2621
0.3301
0.3301
0.301
0.2718
0.3495
0.2718
0.2718
0.2718
0.2816
0.2816
0.301
0.2718
0.3204
0.3107
0.3301
0.3107
0.2718
0.2718
0.3204
0.301
0.3301
0.2718
0.2913
0.2816
0.2718
0.3204
0.301
0.2816
0.2816
0.2621
0.2718
0.2718
0.2621
0.2621
0.2621
0.3689
0.3301
0.3398
0.3301
0.3204
0.2913
0.301
0.3107
0.3107
0.3204
0.301
0.301
0.301
0.301
0.301
0.3107
0.3107
0.301
0.301
0.301
0.301
0.2913
0.2913
0.3107
0.301
0.301
0.301
0.3204
0.2816
0.3107
0.301
0.301
0.2718
0.2621
0.2718
0.3107
0.3398
0.3301
0.2816
0.2913
0.301
0.2816
0.3398
0.2816
0.3301
0.3204
0.3107
0.3398
0.3398
0.3398
0.3689
0.3592
0.3495
0.3592
0.3495
0.3398
0.3592
0.3301
0.3398
0.3398
0.301
0.2816
0.301
0.3107
0.301
0.3107
0.3107
0.3301
0.3204
0.3204
0.3107
0.3592
0.3301
0.3107
0.3398
0.3398
0.3398
0.3398
0.3107
0.3204
0.3398
0.3495
0.3495
0.3592
0.3495
0.3398
0.3107
0.3301
0.301
0.2816
0.2816
0.3204
0.2913
0.3107
0.2913
0.301
0.2913
0.3107
0.2913
0.2913
0.3107
0.3107
0.3204
0.301
0.301
0.301
0.301
0.301
0.2913
0.301
0.3204
0.2816
0.2621
0.2913
0.301
0.3204
0.3107
0.3398
0.2816
0.3301
0.3204
0.3107
0.3495
0.3786
0.3689
0.3689
0.3883
0.3689
0.3592
0.3592
0.2913
0.3107
0.301
0.2913
0.2913
0.2913
0.2816
0.2913
0.2913
0.2816
0.3204
0.3204
0.3107
0.3204
0.3204
0.3107
0.3107
0.3107
0.3107
0.3107
0.3107
0.3107
0.3107
0.3204
0.3107
0.3204
0.3204
0.2913
0.2913
0.301
0.2816
0.2913
0.2913
0.301
0.3107
0.3107
0.2913
0.301
0.301
0.301
0.3107
0.2913
0.301
0.301
0.301
0.2913
0.2816
0.2913
0.3204
0.3204
0.3204
0.2913
0.2816
0.3107
0.3204
0.3107
0.3301
0.3107
0.3204
0.3301
0.3204
0.301
0.3301
0.3301
0.3107
0.3204
0.3204
0.3107
0.3204
0.3107
0.301
0.301
0.301
0.301
0.3204
0.3204
0.3204
0.3204
0.3107
0.3204
0.3107
0.3301
0.3204
0.3301
0.3204
0.3301
0.301
0.3107
0.2816
0.3204
0.3204
0.3301
0.2913
0.2913
0.301
0.3107
0.3107
0.3107
0.3107
0.301
0.301
0.301
0.2718
0.3107
0.3204
0.3204
0.2816
0.3107
0.3107
0.3204
0.3301
0.3301
0.3301
0.3204
0.2913
0.2816
0.301
0.3107
0.3107
0.2816
0.2913
0.3107
0.301
0.2913
0.2913
0.3301
0.3107
0.2913
0.301
0.301
0.3107
0.301
0.2816
0.2816
0.2816
0.2816
0.2816
0.301
0.2816
0.2718
0.2718
0.301
0.301
0.2913
0.301
0.3107
0.3204
0.301
0.301
0.3107
0.3107
0.301
0.301
0.2621
0.2621
0.3204
0.2816
0.3107
0.2816
0.301
0.301
0.301
0.301
0.3107
0.3107
0.2913
0.3204
0.2913
0.301
0.301
0.301
0.3107
0.3204
0.301
0.2816
0.2913
0.2913
0.2816
0.2816
0.2816
0.301
0.2718
0.2718
0.2913
0.2913
0.2913
0.2816
0.2718
0.3204
0.3301
0.3107
0.3107
0.301
0.301
0.3204
0.301
0.301
0.301
0.2816
0.2913
0.2718
0.2816
0.2913
0.2913
0.2621
0.2913
0.2621
0.2718
0.301
0.2621
0.2718
0.301
0.301
0.301
0.2913
0.301
0.301
0.3107
0.301
0.2913
0.2913
0.2718
0.2913
0.3107
0.301
0.301
0.3301
0.3301
0.3301
0.3107
0.3301
0.3204
0.3107
0.3107
0.3398
0.301
0.301
0.3107
0.2913
0.2913
0.3495
0.301
0.301
0.3107
0.3495
0.2913
0.2816
0.301
0.3204
0.3204
0.3301
0.3204
0.3301
0.2913
0.2913
0.3495
0.3107
0.3204
0.3107
0.2913
0.3204
0.3107
0.2913
0.2816
0.2816
0.301
0.3107
0.3107
0.2913
0.3301
0.3398
0.3301
0.3204
0.301
0.3204
0.3301
0.301
0.301
0.3107
0.301
0.3107
0.301
0.301
0.301
0.301
0.2913
0.3107
0.3107
0.2913
0.3107
0.3398
0.2913
0.3204
0.2913
0.3204
0.3204
0.3301
0.3398
0.3301
0.3301
0.3107
0.2718
0.301
0.2913
0.2913
0.301
0.301
0.3204
0.3204
0.3204
0.3204
0.301
0.3107
0.3107
0.301
0.301
0.301
0.301
0.2913
0.2913
0.2718
0.2621
0.2816
0.2427
0.2427
0.301
0.3204
0.3301
0.3398
0.3204
0.3301
0.301
0.3204
0.3204
0.2816
0.3301
0.301
0.301
0.2913
0.2913
0.2913
0.3301
0.3301
0.3398
0.3592
0.3301
0.3301
0.301
0.2621
0.2621
0.2913
0.301
0.301
0.3204
0.3301
0.3398
0.3398
0.3107
0.3204
0.3107
0.3398
0.3398
0.3398
0.3398
0.3204
0.3301
0.3301
0.3301
0.3107
0.3107
0.3107
0.3107
0.3204
0.2913
0.2718
0.2816
0.301
0.2621
0.2913
0.2913
0.2621
0.2913
0.301
0.301
0.301
0.301
0.301
0.2718
0.2816
0.2621
0.301
0.2816
0.301
0.2718
0.3107
0.2621
0.301
0.2621
0.2816
0.2913
0.2816
0.2913
0.301
0.301
0.3204
0.3398
0.3495
0.3301
0.3301
0.301
0.301
0.3204
0.2718
0.2816
0.3107
0.2913
0.2816
0.3107
0.301
0.2913
0.2913
0.3107
0.2816
0.2913
0.2621
0.2816
0.2621
0.301
0.2718
0.2913
0.2913
0.3398
0.3204
0.3204
0.3301
0.3301
0.3592
0.3107
0.3204
0.3301
0.2621
0.2718
0.301
0.3204
0.3204
0.2913
0.2816
0.3301
0.2524
0.2816
0.2913
0.301
0.3107
0.2913
0.3107
0.2816
0.2718
0.2524
0.2621
0.2524
0.2718
0.301
0.2718
0.2913
0.2718
0.2816
0.2816
0.2816
0.2718
0.301
0.2816
0.2718
0.2816
0.2718
0.3204
0.3204
0.3107
0.3107
0.2816
0.2524
0.2816
0.2427
0.2427
0.2718
0.3107
0.2718
0.3204
0.3204
0.3398
0.3301
0.3301
0.3204
0.3204
0.3107
0.2621
0.2718
0.2718
0.2718
0.2913
0.2718
0.2621
0.2913
0.2621
0.2816
0.3204
0.3204
0.3301
0.3301
0.3398
0.3301
0.3398
0.3398
0.2913
0.2913
0.301
0.3301
0.3107
0.3107
0.3204
0.3204
0.3301
0.2816
0.2913
0.2913
0.3107
0.3398
0.3204
0.3398
0.3204
0.3204
0.3301
0.301
0.3301
0.301
0.301
0.2913
0.3107
0.2913
0.3107
0.3107
0.301
0.301
0.3204
0.3301
0.3301
0.3301
0.2816
0.301
0.301
0.2816
0.2913
0.3107
0.2913
0.301
0.2816
0.2913
0.2913
0.3204
0.301
0.3204
0.2913
0.2718
0.3204
0.3495
0.2913
0.2816
0.301
0.2913
0.2913
0.301
0.2816
0.3107
0.2913
0.301
0.2913
0.2913
0.2913
0.2816
0.301
0.2913
0.301
0.2621
0.2816
0.3398
0.3592
0.3301
0.3107
0.301
0.301
0.2913
0.2913
0.301
0.2913
0.301
0.2913
0.301
0.3301
0.3301
0.3107
0.301
0.301
0.3495
0.301
0.2913
0.2718
0.2718
0.2816
0.2913
0.301
0.301
0.301
0.3107
0.2913
0.2913
0.2524
0.2621
0.2621
0.2718
0.3107
0.2816
0.2621
0.301
0.2621
0.2913
0.2913
0.301
0.2621
0.2524
0.2427
0.2718
0.301
0.301
0.3301
0.3301
0.3204
0.3398
0.301
0.2816
0.2621
0.2621
0.2718
0.2621
0.2621
0.2718
0.2621
0.2816
0.2913
0.2816
0.2816
0.301
0.2718
0.3107
0.2718
0.2524
0.2816
0.2621
0.301
0.2913
0.301
0.301
0.301
0.2718
0.2718
0.2621
0.3107
0.301
0.2718
0.2913
0.2913
0.301
0.3107
0.301
0.301
0.3301
0.2913
0.301
0.2913
0.301
0.301
0.301
0.301
0.2816
0.301
0.2913
0.3107
0.2913
0.301
0.3204
0.3204
0.301
0.2913
0.3204
0.301
0.3495
0.3495
0.2718
0.2816
0.2816
0.3107
0.3107
0.301
0.3107
0.3204
0.3301
0.301
0.3107
0.301
0.2913
0.301
0.3204
0.301
0.2816
0.301
0.2913
0.2913
0.301
0.3107
0.301
0.3204
0.301
0.301
0.3495
0.3689
0.3301
0.301
0.3689
0.3495
0.3398
0.3592
0.3689
0.3398
0.3883
0.3786
0.3883
0.4078
0.3981
0.3981
0.3495
0.3883
0.3204
0.3301
0.3107
0.3107
0.301
0.3107
0.3301
0.3301
0.3301
0.3107
0.3786
0.3786
0.3689
0.3204
0.2913
0.3204
0.301
0.2913
0.3592
0.3689
0.3592
0.3301
0.3301
0.3592
0.3592
0.3398
0.3204
0.3204
0.3689
0.3689
0.3592
0.3689
0.3786
0.3883
0.3689
0.3883
0.3592
0.3398
0.3301
0.3495
0.3786
0.3786
0.3592
0.3592
0.3592
0.3786
0.3495
0.3495
0.3301
0.3107
0.3301
0.3495
0.3398
0.3398
0.3495
0.3495
0.3204
0.3204
0.3204
0.3204
0.3107
0.3107
0.301
0.301
0.3204
0.3204
0.3204
0.3204
0.3204
0.3301
0.3495
0.3495
0.3301
0.3495
0.3592
0.3107
0.2913
0.3301
0.2913
0.3301
0.3495
0.3592
0.3495
0.3107
0.3204
0.3301
0.2816
0.3398
0.3495
0.3398
0.3398
0.3689
0.3786
0.3592
0.3495
0.3398
0.3786
0.3689
0.3786
0.3398
0.3495
0.3689
0.3495
0.3495
0.3495
0.3495
0.3495
0.3301
0.3398
0.3398
0.3592
0.3495
0.3398
0.3398
0.3592
0.3398
0.3592
0.3495
0.3495
0.3495
0.3592
0.3495
0.3495
0.3301
0.3689
0.3495
0.3786
0.3301
0.3204
0.3398
0.3301
0.3107
0.3107
0.301
0.3107
0.3107
0.3107
0.2913
0.2816
0.2913
0.2816
0.2718
0.2913
0.2913
0.301
0.2816
0.2718
0.3301
0.2913
0.2913
0.2718
0.2718
0.3107
0.3107
0.301
0.301
0.301
0.301
0.3107
0.301
0.301
0.3204
0.3301
0.3301
0.3301
0.3495
0.3301
0.3398
0.3592
0.3592
0.3204
0.3592
0.3398
0.3398
0.3107
0.301
0.3204
0.3204
0.3204
0.3204
0.301
0.3204
0.3398
0.3495
0.3398
0.3301
0.3301
0.3107
0.3107
0.3301
0.3495
0.3301
0.3301
0.3398
0.3204
0.3204
0.3107
0.3204
0.3107
0.2816
0.2913
0.3107
0.2913
0.2816
0.3107
0.3107
0.301
0.3204
0.3301
0.3107
0.3204
0.3301
0.3301
0.3107
0.3301
0.3107
0.3204
0.3398
0.3204
0.3883
0.3689
0.4078
0.3883
0.3398
0.3301
0.3398
0.3204
0.3398
0.3301
0.3495
0.3301
0.301
0.3204
0.3301
0.3398
0.3204
0.3107
0.3107
0.3107
0.3495
0.3592
0.2913
0.3301
0.301
0.2913
0.301
0.2913
0.2913
0.3107
0.2913
0.2816
0.3107
0.301
0.3398
0.3107
0.3107
0.301
0.3107
0.3398
0.3107
0.3204
0.3107
0.3204
0.3107
0.301
0.3107
0.3204
0.3204
0.301
0.301
0.3204
0.3107
0.3204
0.3204
0.3204
0.2913
0.301
0.301
0.3204
0.3107
0.3107
0.2913
0.3107
0.2816
0.2913
0.2913
0.3107
0.3204
0.3107
0.3301
0.2913
0.301
0.2816
0.301
0.301
0.2913
0.2718
0.2816
0.3107
0.3107
0.2718
0.3204
0.301
0.2913
0.2913
0.2913
0.2718
0.301
0.3204
0.3204
0.2816
0.301
0.301
0.3107
0.2816
0.3107
0.301
0.301
0.301
0.3107
0.3107
0.301
0.2913
0.2913
0.3107
0.2816
0.2913
0.3107
0.2913
0.2718
0.2718
0.2913
0.2718
0.2621
0.2816
0.2816
0.2816
0.2816
0.2816
0.2621
0.2718
0.2524
0.2816
0.2816
0.2718
0.2621
0.2718
0.2913
0.2913
0.301
0.3398
0.2913
0.2913
0.301
0.301
0.301
0.3204
0.3107
0.301
0.3301
0.301
0.2913
0.301
0.301
0.3107
0.2913
0.2816
0.2913
0.2913
0.2913
0.2913
0.2913
0.2913
0.2913
0.301
0.3107
0.3204
0.3107
0.2913
0.2816
0.2621
0.301
0.301
0.2621
0.2524
0.2621
0.2621
0.2913
0.3107
0.2816
0.301
0.301
0.2816
0.2816
0.2913
0.2816
0.2621
0.2718
0.2621
0.2718
0.2718
0.2913
0.2621
0.2524
0.2718
0.2718
0.2718
0.2816
0.2913
0.2816
0.3107
0.3204
0.3204
0.2913
0.2913
0.2718
0.2913
0.2913
0.2718
0.2913
0.3107
0.3204
0.3301
0.2913
0.2913
0.2816
0.2913
0.3107
0.3107
0.301
0.2718
0.2816
0.3107
0.3204
0.2816
0.2816
0.2816
0.2718
0.3301
0.3107
0.2816
0.3204
0.301
0.3107
0.301
0.301
0.3107
0.3301
0.301
0.3495
0.3301
0.3204
0.301
0.2913
0.2816
0.2816
0.301
0.301
0.3107
0.3398
0.3204
0.3301
0.3107
0.3107
0.3204
0.301
0.301
0.3204
0.3204
0.3107
0.301
0.3107
0.3204
0.3107
0.3107
0.3204
0.301
0.2913
0.301
0.3204
0.301
0.3301
0.301
0.3204
0.2913
0.3107
0.301
0.3107
0.301
0.3301
0.3301
0.3107
0.3107
0.3204
0.3107
0.3107
0.3204
0.3107
0.3107
0.3107
0.3204
0.3301
0.3301
0.2913
0.3204
0.2913
0.301
0.301
0.301
0.3107
0.301
0.3204
0.3204
0.3301
0.3107
0.3107
0.3204
0.3204
0.3301
0.3301
0.3301
0.3398
0.3107
0.3107
0.3398
0.3301
0.3301
0.3301
0.3301
0.3398
0.3398
0.3107
0.3592
0.3301
0.3204
0.3107
0.3301
0.2913
0.301
0.301
0.2913
0.2913
0.2816
0.2718
0.3107
0.3204
0.3107
0.3107
0.3107
0.3204
0.3398
0.3301
0.301
0.2913
0.3107
0.3301
0.3398
0.3398
0.3398
0.3301
0.3204
0.3204
0.3107
0.3107
0.3204
0.3204
0.3301
0.3398
0.3204
0.3301
0.3301
0.301
0.3301
0.3204
0.301
0.2913
0.3592
0.3301
0.3883
0.3786
0.3883
0.3786
0.3495
0.3398
0.3301
0.3495
0.3592
0.3495
0.3204
0.3301
0.3204
0.3107
0.2913
0.3301
0.2913
0.2913
0.2913
0.2621
0.2718
0.2913
0.2913
0.3107
0.2718
0.2718
0.2621
0.2524
0.301
0.2913
0.2718
0.3204
0.2913
0.3107
0.3204
0.3301
0.3301
0.3301
0.301
0.2816
0.2913
0.2621
0.301
0.301
0.2718
0.301
0.2718
0.3107
0.2913
0.3107
0.2816
0.3398
0.3301
0.3301
0.3301
0.3301
0.3301
0.3495
0.3301
0.3398
0.3301
0.3204
0.3301
0.3301
0.3495
0.2816
0.3398
0.3592
0.3301
0.3495
0.3495
0.3301
0.3204
0.3301
0.3398
0.3301
0.3495
0.3398
0.3495
0.3592
0.3495
0.3398
0.3398
0.3495
0.3301
0.3689
0.2718
0.2816
0.2621
0.2621
0.2621
0.2816
0.3107
0.2913
0.3301
0.3495
0.3301
0.3301
0.3301
0.3689
0.3301
0.3204
0.2913
0.2913
0.2621
0.2718
0.2913
0.2524
0.3107
0.2621
0.2621
0.2524
0.2816
0.2816
0.301
0.2913
0.2718
0.2621
0.2816
0.2816
0.3107
0.301
0.301
0.2621
0.2621
0.2913
0.301
0.2816
0.2621
0.2718
0.2913
0.2718
0.2816
0.2524
0.2621
0.2816
0.2816
0.2816
0.2913
0.2524
0.2816
0.3107
0.2913
0.3107
0.2913
0.2718
0.2621
0.2913
0.2524
0.2621
0.2718
0.2816
0.2816
0.2718
0.2621
0.2621
0.2816
0.2718
0.2913
0.2913
0.301
0.2816
0.2718
0.2816
0.301
0.2913
0.2621
0.2718
0.2621
0.2718
0.2816
0.2621
0.2816
0.3107
0.301
0.3204
0.3204
0.3107
0.2816
0.2913
0.301
0.2718
0.2718
0.2621
0.2718
0.2913
0.301
0.2913
0.2524
0.2524
0.2718
0.2816
0.3107
0.3107
0.3107
0.2524
0.2621
0.2524
0.301
0.2816
0.2621
0.2913
0.301
0.301
0.2816
0.2718
0.2524
0.2621
0.2524
0.2524
0.2816
0.2816
0.2816
0.2621
0.2718
0.2427
0.2816
0.2621
0.2524
0.2718
0.2913
0.2913
0.2913
0.2913
0.2913
0.2913
0.2913
0.301
0.301
0.2913
0.3107
0.3204
0.3107
0.301
0.2913
0.2816
0.3107
0.2816
0.301
0.2913
0.2718
0.2524
0.2427
0.2621
0.2427
0.2524
0.2718
0.3495
0.2913
0.2718
0.2718
0.2621
0.2524
0.2621
0.2621
0.2524
0.2621
0.2621
0.2621
0.2913
0.2427
0.2427
0.233
0.233
0.2816
0.233
0.2718
0.2718
0.2524
0.2621
0.2621
0.2427
0.2427
0.2524
0.2524
0.2233
0.2233
0.2136
0.233
0.2621
0.2427
0.2524
0.2524
0.2233
0.2816
0.2913
0.2718
0.233
0.233
0.2427
0.2621
0.233
0.3107
0.2816
0.3107
0.301
0.2621
0.2913
0.2524
0.3495
0.2816
0.2427
0.2718
0.2816
0.3398
0.3398
0.3398
0.3398
0.3495
0.3398
0.2718
0.2621
0.2524
0.2913
0.2621
0.301
0.301
0.2913
0.2913
0.2913
0.2816
0.2524
0.2718
0.2816
0.2621
0.301
0.2816
0.2816
0.2816
0.3107
0.301
0.2816
0.2913
0.2718
0.2913
0.2816
0.2913
0.2816
0.2718
0.2718
0.2913
0.2913
0.3107
0.301
0.2913
0.3107
0.2621
0.2427
0.2718
0.2524
0.2524
0.233
0.2427
0.2816
0.2524
0.2427
0.2621
0.2816
0.2524
0.2233
0.2233
0.2524
0.3204
0.3398
0.3301
0.3204
0.3301
0.3301
0.3107
0.2718
0.2621
0.2621
0.2621
0.2621
0.2524
0.2621
0.2718
0.2621
0.2524
0.2524
0.2816
0.2427
0.301
0.2816
0.2913
0.3107
0.301
0.2816
0.2718
0.301
0.301
0.2718
0.3107
0.2913
0.3301
0.2913
0.3107
0.301
0.2718
0.301
0.2913
0.2718
0.2913
0.2718
0.2913
0.2524
0.2718
0.2621
0.2621
0.2718
0.2718
0.2427
0.2718
0.2621
0.2427
0.2524
0.2427
0.2524
0.2524
0.2621
0.2621
0.2718
0.2621
0.2621
0.2524
0.2718
0.2718
0.2816
0.2913
0.301
0.3689
0.3689
0.3786
0.3689
0.3689
0.3301
0.2816
0.233
0.2621
0.2233
0.2913
0.301
0.233
0.2621
0.233
0.2427
0.2524
0.3204
0.3204
0.2718
0.301
0.2718
0.2524
0.2718
0.2718
0.2718
0.2913
0.2913
0.2524
0.2913
0.3204
0.2913
0.2524
0.301
0.2718
0.2427
0.2524
0.233
0.2621
0.2524
0.2524
0.2621
0.2621
0.2718
0.3107
0.2816
0.2913
0.301
0.2913
0.2913
0.2718
0.2718
0.2524
0.2718
0.2524
0.2621
0.3204
0.2427
0.2427
0.2427
0.2427
0.2136
0.2621
0.2718
0.2233
0.2427
0.2718
0.2816
0.2136
0.2621
0.233
0.233
0.2427
0.2427
0.2427
0.2524
0.2524
0.233
0.233
0.2718
0.2621
0.2621
0.2621
0.2718
0.301
0.2913
0.2816
0.2524
0.3107
0.2718
0.2524
0.2524
0.2816
0.301
0.2816
0.2427
0.2913
0.2718
0.301
0.2913
0.2816
0.301
0.3204
0.2913
0.301
0.2816
0.301
0.3204
0.3204
0.3301
0.301
0.3107
0.301
0.2718
0.2233
0.233
0.2816
0.2718
0.2816
0.2816
0.2524
0.2427
0.233
0.2233
0.2524
0.2233
0.2136
0.2233
0.2524
0.2718
0.2816
0.2913
0.233
0.2621
0.2524
0.233
0.2427
0.2524
0.2816
0.3107
0.2427
0.233
0.2233
0.2524
0.2524
0.2136
0.2718
0.2816
0.301
0.3398
0.3495
0.3398
0.2718
0.2816
0.2524
0.2524
0.2621
0.233
0.2427
0.2524
0.2816
0.301
0.301
0.3301
0.3301
0.2816
0.2816
0.2524
0.2524
0.2816
0.2718
0.2816
0.2913
0.233
0.2621
0.2524
0.2524
0.2233
0.2427
0.2427
0.233
0.2427
0.2427
0.233
0.233
0.2427
0.2621
0.233
0.233
0.2427
0.2524
0.2621
0.2524
0.2427
0.2427
0.2427
0.233
0.2718
0.2233
0.2913
0.301
0.301
0.2621
0.2913
0.233
0.2621
0.2427
0.3398
0.2136
0.233
0.2718
0.2427
0.2718
0.233
0.2233
0.2233
0.2136
0.2524
0.2233
0.2233
0.233
0.2136
0.2136
0.2524
0.2621
0.2427
0.2621
0.2621
0.2718
0.2718
0.2816
0.2718
0.2816
0.301
0.3107
0.2621
0.2718
0.3107
0.2718
0.2524
0.2621
0.233
0.2427
0.233
0.2233
0.233
0.2233
0.2233
0.2427
0.2524
0.233
0.2427
0.2136
0.2136
0.233
0.2621
0.301
0.3398
0.3107
0.3204
0.3301
0.301
0.3204
0.2524
0.2524
0.301
0.233
0.233
0.2524
0.2524
0.2816
0.3107
0.2816
0.2913
0.2524
0.233
0.2233
0.233
0.233
0.2524
0.2524
0.2136
0.2718
0.2718
0.301
0.2913
0.3204
0.3204
0.3204
0.3204
0.2913
0.2913
0.2718
0.301
0.2913
0.2524
0.2427
0.2913
0.2913
0.1942
0.1942
0.233
0.2913
0.2816
0.3107
0.2816
0.3107
0.2913
0.3107
0.301
0.2621
0.2621
0.2524
0.2524
0.2136
0.2136
0.2233
0.2427
0.2427
0.2524
0.233
0.233
0.2718
0.2718
0.233
0.2524
0.2524
0.2427
0.1942
0.2136
0.233
0.233
0.2136
0.2233
0.2427
0.2524
0.2524
0.2136
0.2233
0.2524
0.2427
0.2136
0.2136
0.2136
0.2136
0.2718
0.233
0.2427
0.2718
0.2427
0.2524
0.2524
0.2427
0.2816
0.2621
0.2621
0.233
0.2136
0.2039
0.2039
0.1942
0.2039
0.2136
0.233
0.2524
0.2524
0.2233
0.233
0.2718
0.2816
0.2524
0.2427
0.233
0.2524
0.2816
0.2524
0.2913
0.2816
0.301
0.301
0.301
0.3204
0.2913
0.3204
0.3204
0.2718
0.2524
0.2524
0.2427
0.2524
0.2718
0.2427
0.2427
0.2816
0.2718
0.2621
0.2718
0.301
0.2718
0.2621
0.2524
0.2816
0.2913
0.2816
0.2524
0.3107
0.2718
0.2816
0.3107
0.2816
0.2913
0.2913
0.301
0.2816
0.3204
0.2913
0.3301
0.3204
0.301
0.2816
0.2913
0.3107
0.301
0.2718
0.2524
0.2621
0.2524
0.2816
0.2718
0.2718
0.2816
0.2718
0.2913
0.2913
0.2427
0.2524
0.2621
0.2621
0.2621
0.2621
0.2427
0.2524
0.233
0.2233
0.233
0.2233
0.233
0.2136
0.2621
0.233
0.233
0.233
0.233
0.2718
0.2816
0.2816
0.2913
0.2913
0.2816
0.2816
0.2524
0.2621
0.2816
0.2621
0.2718
0.2427
0.2816
0.301
0.2816
0.301
0.2913
0.301
0.2913
0.301
0.301
0.2816
0.2816
0.2718
0.301
0.301
0.2718
0.2816
0.3107
0.2816
0.2621
0.2816
0.2816
0.233
0.2427
0.2233
0.2233
0.2136
0.2233
0.2233
0.233
0.233
0.2524
0.2913
0.2816
0.2718
0.2718
0.2816
0.2718
0.2718
0.2816
0.2718
0.2621
0.2524
0.2524
0.2621
0.2427
0.233
0.233
0.2427
0.233
0.2039
0.2136
0.2427
0.233
0.2718
0.2718
0.2524
0.2621
0.233
0.2621
0.2621
0.2524
0.2621
0.2427
0.233
0.2718
0.2816
0.2524
0.2913
0.2913
0.2816
0.2718
0.2621
0.2524
0.2621
0.2524
0.2233
0.2427
0.2427
0.2524
0.2816
0.3107
0.3398
0.3398
0.3301
0.301
0.2913
0.2816
0.2816
0.2718
0.2621
0.2621
0.2621
0.2524
0.2427
0.2524
0.2524
0.2621
0.2816
0.2718
0.2718
0.3107
0.301
0.2718
0.2913
0.3204
0.3107
0.3107
0.2427
0.233
0.2427
0.233
0.2913
0.2816
0.2621
0.2816
0.2913
0.2718
0.2524
0.2621
0.2718
0.3301
0.3301
0.2816
0.2621
0.2039
0.2233
0.2233
0.2427
0.233
0.2233
0.233
0.2524
0.2427
0.2524
0.2427
0.2524
0.2524
0.2524
0.2524
0.2427
0.2524
0.2621
0.2816
0.2816
0.2524
0.2621
0.2524
0.2718
0.2718
0.2524
0.2524
0.2718
0.233
0.2427
0.2427
0.2524
0.2524
0.2524
0.2524
0.301
0.2524
0.2621
0.301
0.2718
0.3301
0.3398
0.3107
0.2913
0.233
0.2718
0.2816
0.2524
0.2427
0.2427
0.2816
0.301
0.2621
0.2621
0.2621
0.301
0.3301
0.2913
0.3107
0.2913
0.301
0.3204
0.301
0.301
0.2913
0.301
0.2816
0.3107
0.301
0.2718
0.2427
0.2816
0.301
0.2621
0.2524
0.2816
0.2718
0.2718
0.2621
0.2718
0.2816
0.3204
0.3107
0.3204
0.301
0.3107
0.3107
0.3204
0.3301
0.3204
0.3204
0.3301
0.2621
0.2816
0.3301
0.3204
0.301
0.2524
0.2718
0.2427
0.2816
0.2816
0.2913
0.2718
0.2621
0.2816
0.2621
0.2816
0.2913
0.2718
0.233
0.2621
0.2233
0.2427
0.2233
0.2427
0.2039
0.2136
0.233
0.2427
0.233
0.3107
0.2233
0.2621
0.2816
0.2718
0.2718
0.2524
0.2427
0.2718
0.2913
0.301
0.3107
0.2718
0.2621
0.2718
0.2524
0.2524
0.2233
0.2136
0.2136
0.233
0.2427
0.2233
0.2621
0.2427
0.2427
0.2427
0.2718
0.2913
0.2621
0.2524
0.2524
0.2621
0.2816
0.2524
0.2621
0.2718
0.2621
0.2621
0.2718
0.2621
0.2427
0.2233
0.2233
0.2524
0.2524
0.2233
0.233
0.2524
0.2136
0.2718
0.2621
0.2621
0.2718
0.2621
0.2524
0.2427
0.2524
0.2816
0.2816
0.2913
0.3107
0.3204
0.2816
0.2913
0.2913
0.2816
0.3107
0.2913
0.2913
0.2621
0.2913
0.301
0.2621
0.2718
0.2816
0.2621
0.2913
0.2718
0.2524
0.233
0.233
0.233
0.2427
0.301
0.3204
0.3204
0.3301
0.233
0.2427
0.2621
0.2621
0.2427
0.2136
0.2136
0.2233
0.2233
0.233
0.233
0.2233
0.2427
0.2136
0.2233
0.2233
0.2427
0.233
0.2427
0.233
0.2427
0.2427
0.2233
0.2427
0.2427
0.233
0.233
0.2718
0.2718
0.2233
0.2136
0.1942
0.2621
0.2136
0.2233
0.2427
0.1845
0.2039
0.2136
0.2039
0.2233
0.2524
0.2621
0.2524
0.2621
0.2621
0.2718
0.2718
0.2427
0.233
0.2524
0.2427
0.2524
0.2621
0.2718
0.2718
0.2913
0.2621
0.2718
0.2718
0.2816
0.2718
0.2427
0.2621
0.2524
0.2524
0.2621
0.2621
0.2621
0.2718
0.2621
0.2718
0.2718
0.2524
0.2621
0.233
0.2524
0.2524
0.2621
0.2427
0.2621
0.2524
0.233
0.2427
0.2427
0.2427
0.2621
0.2718
0.2621
0.2621
0.2816
0.2524
0.2621
0.2718
0.2524
0.2621
0.2816
0.2718
0.2621
0.2621
0.2816
0.2816
0.2621
0.2621
0.2816
0.2816
0.2718
0.2718
0.2718
0.2913
0.2816
0.2718
0.2816
0.2816
0.301
0.301
0.2621
0.2621
0.2718
0.3107
0.3107
0.2524
0.233
0.2427
0.233
0.2427
0.2427
0.2427
0.2233
0.2427
0.233
0.2427
0.233
0.2427
0.2524
0.2524
0.2718
0.2621
0.2718
0.233
0.2621
0.2621
0.2718
0.2816
0.2718
0.2718
0.2718
0.2524
0.2621
0.2718
0.2621
0.2621
0.2621
0.301
0.2718
0.2621
0.2427
0.2427
0.2621
0.2524
0.2427
0.233
0.2136
0.2233
0.2427
0.2427
0.2524
0.233
0.2427
0.2621
0.2524
0.233
0.2524
0.2621
0.2427
0.2427
0.2233
0.2427
0.2427
0.2427
0.2524
0.2524
0.2524
0.2816
0.2816
0.2913
0.2718
0.301
0.2718
0.2427
0.233
0.2233
0.2136
0.2427
0.2718
0.2621
0.2039
0.2233
0.2621
0.3107
0.2913
0.2816
0.2816
0.2524
0.2524
0.2718
0.2524
0.233
0.233
0.2524
0.2524
0.2718
0.301
0.3107
0.2427
0.2427
0.2621
0.2718
0.233
0.233
0.2039
0.2136
0.2136
0.2136
0.2136
0.233
0.2621
0.2524
0.2913
0.2816
0.2913
0.2233
0.2233
0.2039
0.2039
0.233
0.2136
0.2136
0.2039
0.2233
0.233
0.2427
0.2427
0.233
0.2039
0.2427
0.1942
0.2136
0.1942
0.2039
0.1942
0.2039
0.2039
0.1748
0.2039
0.2039
0.1942
0.2136
0.2039
0.1845
0.2136
0.2233
0.2427
0.2233
0.2039
0.2039
0.233
0.2427
0.165
0.1845
0.2621
0.2913
0.2816
0.2524
0.2136
0.2233
0.233
0.2136
0.2039
0.233
0.2524
0.2621
0.2718
0.2718
0.2816
0.2524
0.2816
0.2524
0.2816
0.2136
0.2427
0.2816
0.301
0.2913
0.2718
0.2524
0.233
0.1748
0.1748
0.1748
0.1845
0.2039
0.2136
0.2136
0.2136
0.2039
0.2233
0.2233
0.2524
0.2427
0.233
0.2524
0.2136
0.2233
0.1845
0.1942
0.2427
0.2233
0.2913
0.3301
0.3107
0.2913
0.2913
0.301
0.233
0.2233
0.2427
0.2524
0.233
0.1845
0.2039
0.2233
0.2233
0.233
0.2233
0.2233
0.233
0.2039
0.1942
0.2039
0.2039
0.2136
0.2524
0.301
0.2524
0.2718
0.2913
0.2816
0.2816
0.2524
0.233
0.233
0.233
0.2233
0.2621
0.2621
0.2427
0.2039
0.2233
0.2039
0.2718
0.2913
0.2524
0.2524
0.2524
0.2427
0.2427
0.2524
0.2621
0.2621
0.2621
0.2718
0.2718
0.2621
0.3107
0.2913
0.2816
0.2621
0.2524
0.2621
0.2816
0.2718
0.2621
0.2427
0.2718
0.2816
0.2913
0.301
0.2816
0.2718
0.2816
0.2621
0.2913
0.233
0.2136
0.2233
0.2136
0.1845
0.1748
0.1942
0.1942
0.1748
0.2427
0.2427
0.165
0.1845
0.2039
0.2233
0.2233
0.233
0.2233
0.2233
0.2136
0.2524
0.2136
0.233
0.2524
0.2427
0.233
0.2427
0.2524
0.2427
0.233
0.2427
0.2233
0.1942
0.2233
0.233
0.1942
0.1942
0.1942
0.2039
0.2136
0.2233
0.1748
0.1942
0.2039
0.2039
0.2039
0.1942
0.2427
0.233
0.2233
0.2427
0.2427
0.2427
0.233
0.2039
0.1748
0.2233
0.1942
0.2621
0.2233
0.233
0.2039
0.2233
0.2233
0.2718
0.233
0.233
0.233
0.2427
0.2524
0.2621
0.2136
0.233
0.2718
0.2621
0.2621
0.2621
0.2621
0.2524
0.2427
0.2524
0.2621
0.2524
0.2913
0.2816
0.301
0.2816
0.2718
0.2913
0.2524
0.2621
0.2718
0.2913
0.301
0.2816
0.2913
0.2913
0.2816
0.2427
0.2427
0.1942
0.2427
0.2427
0.2136
0.2233
0.2136
0.1942
0.2039
0.2136
0.2233
0.2039
0.2136
0.2136
0.2136
0.2233
0.2427
0.2524
0.2039
0.233
0.2136
0.2039
0.2233
0.2039
0.2039
0.2039
0.2039
0.2039
0.2136
0.233
0.2524
0.233
0.2136
0.2136
0.2427
0.2233
0.2233
0.2233
0.233
0.2621
0.2621
0.2427
0.233
0.2427
0.2816
0.2718
0.2816
0.3204
0.3107
0.3107
0.3107
0.2427
0.2233
0.2233
0.233
0.2233
0.2233
0.233
0.1942
0.1942
0.1845
0.2524
0.2136
0.2233
0.2136
0.2621
0.2524
0.233
0.2136
0.233
0.2136
0.2233
0.2524
0.233
0.2427
0.233
0.2136
0.2233
0.2233
0.2427
0.2233
0.2136
0.2233
0.233
0.2136
0.233
0.233
0.2136
0.2427
0.2524
0.2524
0.2621
0.2621
0.2039
0.2621
0.2621
0.2621
0.2427
0.2136
0.1942
0.2039
0.1942
0.1845
0.2233
0.233
0.2233
0.2136
0.1942
0.2136
0.2039
0.2039
0.2136
0.1845
0.1942
0.2233
0.233
0.2233
0.2233
0.2039
0.2233
0.2136
0.2136
0.1942
0.2136
0.2233
0.2136
0.233
0.2039
0.2136
0.2233
0.2524
0.2621
0.3107
0.301
0.3107
0.3107
0.301
0.2718
0.2718
0.233
0.2816
0.2718
0.2621
0.2816
0.2524
0.3107
0.3204
0.3204
0.301
0.3107
0.301
0.301
0.2816
0.2913
0.2718
0.2816
0.2621
0.2524
0.2427
0.2427
0.2524
0.2524
0.2621
0.2427
0.2427
0.2427
0.233
0.233
0.2233
0.2233
0.233
0.2718
0.3107
0.2621
0.2621
0.233
0.2913
0.2718
0.2524
0.2136
0.2524
0.233
0.2233
0.2233
0.2233
0.1942
0.233
0.2427
0.2621
0.301
0.2427
0.2524
0.2427
0.2039
0.2233
0.2136
0.2621
0.233
0.233
0.2816
0.2233
0.2136
0.1845
0.2039
0.2524
0.2427
0.2621
0.2816
0.301
0.2039
0.2427
0.2039
0.233
0.233
0.2427
0.233
0.2233
0.2136
0.1942
0.2039
0.2233
0.1845
0.1845
0.2039
0.2233
0.2233
0.2233
0.2233
0.2136
0.1942
0.1942
0.2039
0.1942
0.2524
0.2621
0.2039
0.2136
0.233
0.1845
0.2039
0.1942
0.2136
0.2039
0.233
0.233
0.233
0.233
0.2136
0.2621
0.2524
0.2524
0.2233
0.2524
0.2233
0.2524
0.2621
0.233
0.2621
0.2621
0.2621
0.2524
0.233
0.2524
0.233
0.233
0.2427
0.2233
0.233
0.2524
0.2524
0.2621
0.2718
0.2427
0.233
0.2427
0.233
0.233
0.2427
0.2524
0.2816
0.2524
0.2816
0.2816
0.2524
0.2524
0.2524
0.233
0.2136
0.233
0.2136
0.2233
0.233
0.2524
0.2621
0.233
0.233
0.2427
0.2233
0.233
0.2524
0.2524
0.233
0.2427
0.233
0.233
0.233
0.233
0.233
0.2427
0.2233
0.2427
0.2524
0.2039
0.2233
0.2233
0.2427
0.2039
0.2233
0.2621
0.2524
0.2621
0.2718
0.2718
0.2718
0.2816
0.2524
0.2524
0.233
0.2233
0.2233
0.233
0.2427
0.2233
0.233
0.2039
0.1748
0.1942
0.1942
0.1845
0.2233
0.1942
0.2233
0.2233
0.2233
0.233
0.2233
0.2524
0.2427
0.233
0.2524
0.2427
0.2718
0.2427
0.2524
0.2039
0.1942
0.2427
0.2427
0.2136
0.2427
0.2427
0.2427
0.2524
0.2427
0.2136
0.2136
0.2621
0.2621
0.2427
0.2621
0.233
0.2524
0.1942
0.2039
0.1845
0.2136
0.2233
0.2524
0.2427
0.233
0.233
0.2136
0.2233
0.2136
0.2621
0.2816
0.2427
0.2913
0.301
0.2621
0.2524
0.2718
0.2816
0.301
0.2913
0.233
0.2621
0.2621
0.2718
0.2233
0.2524
0.2427
0.2718
0.2427
0.2718
0.2718
0.2427
0.2524
0.2816
0.2816
0.2718
0.2816
0.2913
0.2913
0.2913
0.2816
0.2621
0.233
0.233
0.233
0.2816
0.2718
0.2816
0.2233
0.2233
0.2136
0.2427
0.2233
0.233
0.2233
0.233
0.2427
0.2524
0.2621
0.2621
0.2233
0.1748
0.1748
0.2233
0.1845
0.1748
0.2039
0.2039
0.2524
0.2136
0.2621
0.2233
0.2039
0.2524
0.2718
0.2718
0.2621
0.2233
0.2233
0.1748
0.1845
0.2136
0.2136
0.2136
0.1942
0.2136
0.2816
0.2816
0.2524
0.2524
0.2233
0.2427
0.2524
0.2718
0.233
0.233
0.2524
0.2136
0.2233
0.2039
0.1845
0.1748
0.1942
0.1845
0.1942
0.2039
0.2039
0.233
0.2039
0.2136
0.2136
0.2621
0.233
0.233
0.2136
0.2427
0.2718
0.2136
0.233
0.2427
0.2524
0.233
0.2427
0.2427
0.2233
0.2427
0.2621
0.2621
0.233
0.233
0.233
0.2427
0.233
0.2524
0.2621
0.2718
0.2136
0.2136
0.2039
0.1845
0.1845
0.2039
0.1942
0.2039
0.2233
0.2233
0.1942
0.1845
0.1845
0.1748
0.1748
0.1748
0.165
0.2136
0.1942
0.1845
0.1748
0.1748
0.1845
0.1942
0.1845
0.1845
0.1845
0.1845
0.2039
0.2136
0.2621
0.233
0.1845
0.1748
0.165
0.1748
0.1942
0.1748
0.1845
0.1942
0.1942
0.1942
0.2427
0.2524
0.233
0.233
0.1942
0.1456
0.1942
0.1748
0.2524
0.2718
0.2718
0.2718
0.165
0.1456
0.1845
0.1942
0.2621
0.2816
0.2524
0.2427
0.233
0.2427
0.1845
0.1748
0.1748
0.1748
0.1748
0.165
0.1845
0.1748
0.1748
0.2136
0.2136
0.1845
0.1942
0.2039
0.2039
0.1942
0.1942
0.2233
0.2427
0.2039
0.2136
0.2718
0.2233
0.2427
0.2233
0.2427
0.2233
0.2136
0.2136
0.2524
0.233
0.2427
0.2427
0.2524
0.2621
0.2524
0.2427
0.2427
0.2621
0.2816
0.2621
0.2718
0.2816
0.301
0.3107
0.2913
0.2816
0.2816
0.2913
0.2913
0.2913
0.2718
0.2524
0.2816
0.2524
0.2524
0.2816
0.2718
0.2718
0.2718
0.2621
0.2621
0.2427
0.2621
0.2718
0.2621
0.2718
0.2524
0.2718
0.2621
0.2621
0.2427
0.2427
0.233
0.233
0.2816
0.2621
0.2524
0.2427
0.2427
0.2524
0.2816
0.2524
0.2524
0.2621
0.2524
0.2718
0.2718
0.2718
0.2718
0.2718
0.2718
0.2524
0.2524
0.2621
0.2621
0.2621
0.233
0.2136
0.2524
0.2427
0.2524
0.2524
0.2427
0.2524
0.2621
0.2621
0.233
0.2816
0.2524
0.2524
0.2718
0.2524
0.2524
0.2524
0.2621
0.2524
0.233
0.2427
0.2427
0.2524
0.2621
0.2621
0.2427
0.2427
0.2427
0.2233
0.2427
0.2233
0.2233
0.2233
0.2233
0.233
0.233
0.233
0.2233
0.2039
0.233
0.2427
0.2233
0.233
0.233
0.2621
0.2621
0.2621
0.2233
0.233
0.2524
0.2524
0.2718
0.2816
0.2816
0.2816
0.2718
0.2524
0.301
0.3107
0.301
0.2718
0.2718
0.2524
0.2427
0.2427
0.2524
0.2524
0.233
0.2524
0.2621
0.2816
0.2136
0.2427
0.233
0.2621
0.2524
0.2718
0.2718
0.2621
0.2427
0.2233
0.2427
0.2524
0.2621
0.2718
0.2524
0.2524
0.2621
0.2718
0.2718
0.2427
0.2621
0.2621
0.2718
0.2816
0.2816
0.2621
0.2524
0.2233
0.2039
0.2233
0.2136
0.2427
0.2039
0.2136
0.2136
0.2136
0.2233
0.2427
0.233
0.233
0.233
0.233
0.233
0.2136
0.2233
0.2136
0.2233
0.2136
0.2136
0.2233
0.1942
0.2136
0.2427
0.233
0.233
0.2233
0.233
0.2136
0.1845
0.233
0.2039
0.2233
0.2427
0.233
0.233
0.2233
0.2136
0.2136
0.2039
0.2039
0.1942
0.2039
0.2233
0.1942
0.2039
0.2039
0.2039
0.1942
0.2039
0.2136
0.1845
0.2136
0.2233
0.1748
0.1748
0.165
0.1748
0.2136
0.1748
0.165
0.165
0.165
0.165
0.1748
0.1845
0.1942
0.2039
0.233
0.1845
0.1942
0.1845
0.1845
0.2039
0.1845
0.2233
0.2233
0.2136
0.1942
0.1942
0.2427
0.233
0.233
0.233
0.2136
0.1845
0.2136
0.1845
0.1845
0.1942
0.2136
0.233
0.2427
0.2621
0.2621
0.2427
0.2524
0.2427
0.233
0.233
0.2524
0.233
0.233
0.2136
0.2039
0.2233
0.2136
0.2233
0.2039
0.2524
0.2524
0.2233
0.2524
0.2427
0.2136
0.233
0.2427
0.233
0.2136
0.233
0.2913
0.301
0.2816
0.2816
0.301
0.2913
0.2816
0.2816
0.301
0.2913
0.2718
0.2427
0.2621
0.2427
0.2718
0.3107
0.2816
0.2718
0.2524
0.2816
0.2913
0.2913
0.2427
0.2427
0.233
0.233
0.1845
0.1748
0.1748
0.2039
0.2039
0.2524
0.2718
0.2816
0.2718
0.2816
0.2816
0.2524
0.2427
0.2621
0.2427
0.2524
0.233
0.2427
0.2427
0.233
0.233
0.233
0.2427
0.2524
0.2621
0.2524
0.2718
0.2816
0.2233
0.2136
0.1942
0.2718
0.233
0.2427
0.2816
0.233
0.2621
0.2233
0.233
0.233
0.233
0.2524
0.233
0.2233
0.1942
0.1845
0.2233
0.2427
0.2233
0.2136
0.2233
0.1942
0.1845
0.1845
0.1845
0.1845
0.2039
0.1942
0.233
0.2233
0.1845
0.2039
0.1845
0.1942
0.1845
0.233
0.2427
0.2621
0.233
0.233
0.2233
0.2233
0.2427
0.2427
0.2621
0.2427
0.2427
0.2427
0.2233
0.2233
0.2233
0.2233
0.1942
0.2233
0.233
0.233
0.2136
0.2136
0.2233
0.1845
0.1845
0.2233
0.233
0.233
0.233
0.1942
0.2427
0.2039
0.1845
0.2427
0.2524
0.2427
0.2427
0.2718
0.2718
0.2039
0.2621
0.2718
0.2427
0.2816
0.2816
0.2816
0.2524
0.2427
0.2427
0.2427
0.2427
0.233
0.233
0.233
0.2233
0.2136
0.1942
0.2136
0.2427
0.2621
0.2621
0.2524
0.2524
0.2524
0.2427
0.2427
0.2427
0.2427
0.2233
0.2039
0.2039
0.165
0.1942
0.2136
0.2233
0.1748
0.1845
0.2233
0.1942
0.1845
0.1748
0.1748
0.1748
0.1748
0.165
0.1942
0.2136
0.2233
0.2039
0.2816
0.2427
0.2621
0.3107
0.2816
0.2913
0.2816
0.2524
0.2621
0.2524
0.2718
0.2621
0.2621
0.2621
0.2233
0.2233
0.2039
0.233
0.2621
0.2233
0.2233
0.1942
0.1845
0.1845
0.1942
0.2039
0.1942
0.2136
0.2233
0.2136
0.2039
0.2233
0.2233
0.2136
0.2233
0.2233
0.2136
0.233
0.2039
0.2233
0.2427
0.233
0.2427
0.2524
0.2524
0.233
0.2039
0.2136
0.1748
0.2039
0.233
0.1942
0.1845
0.1748
0.1845
0.1748
0.1748
0.1845
0.1845
0.1748
0.2039
0.1748
0.1845
0.1942
0.2136
0.233
0.2136
0.2233
0.2524
0.2621
0.2718
0.2718
0.2621
0.1942
0.2816
0.2816
0.2816
0.2718
0.233
0.233
0.233
0.2427
0.2136
0.1942
0.1942
0.2233
0.2039
0.1942
0.2039
0.1845
0.1845
0.2039
0.1748
0.1845
0.1748
0.165
0.1845
0.1748
0.1748
0.1748
0.1748
0.165
0.1553
0.1942
0.1845
0.1845
0.2136
0.1942
0.2233
0.1845
0.2427
0.2233
0.2621
0.2524
0.2427
0.2913
0.2816
0.301
0.2913
0.301
0.2913
0.2816
0.2427
0.2136
0.1942
0.2233
0.1748
0.165
0.1553
0.165
0.165
0.165
0.165
0.1845
0.1845
0.165
0.1748
0.1748
0.1942
0.2233
0.1942
0.1942
0.2136
0.233
0.2524
0.2524
0.2524
0.2524
0.233
0.2427
0.2427
0.2136
0.1748
0.165
0.1845
0.1942
0.1942
0.233
0.1942
0.1942
0.2427
0.2039
0.1748
0.165
0.165
0.165
0.1942
0.2233
0.2136
0.2233
0.233
0.2136
0.1553
0.1553
0.2136
0.2136
0.2233
0.233
0.2233
0.2524
0.2524
0.2427
0.2427
0.1845
0.2233
0.1748
0.1845
0.1748
0.1845
0.233
0.1553
0.2136
0.2233
0.2136
0.2136
0.165
0.1942
0.1845
0.165
0.1845
0.1845
0.1942
0.2039
0.1845
0.1942
0.1359
0.1748
0.1748
0.1845
0.2233
0.233
0.1553
0.1553
0.1553
0.1748
0.1748
0.2039
0.1845
0.1845
0.1845
0.2039
0.1942
0.1748
0.1748
0.1942
0.2039
0.1845
0.1845
0.165
0.165
0.1748
0.165
0.165
0.1942
0.1748
0.1942
0.1942
0.1748
0.1553
0.1359
0.1553
0.1456
0.165
0.1942
0.1942
0.2136
0.2233
0.1942
0.1845
0.165
0.1942
0.2136
0.1942
0.1942
0.1942
0.2427
0.2233
0.1942
0.2039
0.2039
0.1845
0.165
0.1845
0.1456
0.1553
0.1553
0.1359
0.1456
0.1553
0.1553
0.165
0.1748
0.165
0.1845
0.1942
0.2039
0.1845
0.2233
0.1845
0.2136
0.1748
0.1748
0.1845
0.1748
0.1748
0.165
0.1748
0.1845
0.1845
0.1942
0.1748
0.165
0.1748
0.1845
0.165
0.165
0.165
0.1748
0.1748
0.165
0.2039
0.1942
0.1748
0.165
0.1845
0.1942
0.2039
0.1748
0.1748
0.165
0.1942
0.1748
0.1748
0.1748
0.165
0.1748
0.1942
0.2039
0.1845
0.165
0.1748
0.1942
0.165
0.1748
0.165
0.1553
0.1456
0.165
0.1748
0.2039
0.2136
0.2427
0.2039
0.1748
0.165
0.1553
0.165
0.1748
0.165
0.165
0.1553
0.1748
0.1456
0.1748
0.2039
0.2039
0.1942
0.2136
0.233
0.2233
0.2233
0.2524
0.2621
0.2621
0.2136
0.2039
0.1748
0.1748
0.1748
0.165
0.2039
0.1845
0.2136
0.2136
0.2136
0.2524
0.2621
0.2427
0.2524
0.2621
0.2524
0.2621
0.2816
0.233
0.2524
0.2427
0.233
0.2718
0.2524
0.2524
0.301
0.2621
0.2524
0.1845
0.1942
0.1748
0.165
0.1553
0.165
0.1456
0.2039
0.1845
0.1845
0.1942
0.1748
0.165
0.2136
0.2233
0.2233
0.2039
0.233
0.2233
0.2136
0.1942
0.165
0.1359
0.165
0.165
0.1748
0.2233
0.1748
0.1942
0.1748
0.165
0.1553
0.1845
0.2039
0.2136
0.2233
0.233
0.2718
0.2427
0.2524
0.2427
0.233
0.2233
0.2136
0.2039
0.2233
0.2233
0.2039
0.1748
0.1845
0.1456
0.165
0.1456
0.1553
0.165
0.1553
0.165
0.165
0.1553
0.165
0.1845
0.165
0.1942
0.2136
0.2136
0.2136
0.2039
0.1845
0.2039
0.1748
0.2136
0.2136
0.2136
0.2136
0.2136
0.2233
0.2233
0.2233
0.2233
0.2233
0.2233
0.2136
0.1942
0.2136
0.2621
0.2524
0.2621
0.2913
0.2816
0.2913
0.233
0.2039
0.2039
0.1845
0.1748
0.1845
0.1845
0.1942
0.1942
0.2136
0.1942
0.1942
0.1845
0.233
0.2427
0.2621
0.2524
0.2233
0.2136
0.2427
0.2524
0.233
0.2427
0.2427
0.2427
0.2427
0.2621
0.2621
0.301
0.301
0.2427
0.2524
0.2524
0.233
0.233
0.233
0.233
0.2621
0.2816
0.2427
0.2136
0.2233
0.233
0.2427
0.2039
0.1845
0.1845
0.165
0.165
0.1748
0.1845
0.1748
0.165
0.165
0.1748
0.1553
0.165
0.1553
0.1456
0.1456
0.1553
0.165
0.165
0.1748
0.1553
0.1553
0.1359
0.1845
0.1456
0.1748
0.1942
0.1845
0.2136
0.2136
0.2039
0.233
0.233
0.2233
0.2233
0.2136
0.2233
0.2233
0.233
0.2233
0.2233
0.2233
0.1845
0.1748
0.2039
0.1748
0.1845
0.165
0.1845
0.2039
0.1942
0.1845
0.1942
0.1748
0.1748
0.2136
0.1942
0.1942
0.2136
0.2039
0.1845
0.1845
0.165
0.1553
0.1748
0.165
0.2039
0.1942
0.1845
0.1553
0.1845
0.165
0.165
0.2039
0.1553
0.1553
0.1553
0.1942
0.1942
0.1942
0.2136
0.1942
0.1942
0.1942
0.1942
0.165
0.2136
0.2039
0.165
0.1456
0.1456
0.1456
0.1553
0.1553
0.1553
0.165
0.165
0.165
0.1553
0.2039
0.1845
0.1845
0.2427
0.2136
0.1845
0.2136
0.233
0.2233
0.2233
0.1942
0.2136
0.1748
0.1845
0.2039
0.2039
0.2039
0.1845
0.165
0.1748
0.1748
0.1748
0.2039
0.2039
0.2039
0.2233
0.2039
0.1845
0.1845
0.1845
0.1845
0.1748
0.1845
0.1845
0.1845
0.165
0.1553
0.165
0.1942
0.2039
0.1845
0.1748
0.1845
0.1845
0.165
0.165
0.1748
0.165
0.1748
0.1942
0.1845
0.1942
0.1942
0.165
0.1845
0.1942
0.2039
0.1942
0.1942
0.2039
0.1942
0.2039
0.2039
0.1942
0.2039
0.2136
0.2136
0.2039
0.2136
0.2039
0.2039
0.233
0.2233
0.2039
0.1942
0.1942
0.1845
0.2039
0.2136
0.2039
0.2039
0.1845
0.1748
0.165
0.2039
0.1845
0.165
0.1553
0.165
0.165
0.1553
0.1553
0.1748
0.1553
0.1456
0.1456
0.1456
0.1942
0.1942
0.1456
0.1456
0.1845
0.2136
0.2136
0.233
0.2136
0.1845
0.1942
0.1942
0.1748
0.1748
0.1845
0.1845
0.1748
0.1748
0.2039
0.2136
0.2039
0.1748
0.1845
0.165
0.165
0.1748
0.1845
0.1553
0.1553
0.1553
0.165
0.1748
0.1748
0.165
0.165
0.1748
0.1553
0.165
0.2039
0.1942
0.2427
0.233
0.2136
0.2621
0.2718
0.2621
0.2816
0.2718
0.2718
0.2524
0.233
0.1845
0.1942
0.1942
0.2039
0.2427
0.2233
0.1942
0.1553
0.1553
0.1456
0.1845
0.2039
0.1845
0.1942
0.1845
0.1942
0.2233
0.2233
0.2233
0.1845
0.1748
0.1748
0.1748
0.1748
0.1748
0.1845
0.1942
0.2136
0.2136
0.2039
0.2039
0.2039
0.165
0.165
0.1553
0.1456
0.1845
0.1748
0.2136
0.165
0.2039
0.1942
0.1942
0.1359
0.1748
0.1748
0.1748
0.1748
0.2039
0.2039
0.2039
0.2136
0.1942
0.1748
0.165
0.165
0.1845
0.1553
0.165
0.1845
0.1942
0.2039
0.165
0.165
0.1845
0.1845
0.2136
0.2039
0.1845
0.1942
0.1845
0.2039
0.2039
0.1942
0.233
0.233
0.233
0.2136
0.233
0.2427
0.2427
0.2427
0.233
0.2621
0.2524
0.1942
0.1845
0.165
0.165
0.2039
0.2039
0.2039
0.2136
0.2039
0.2039
0.2039
0.2039
0.2136
0.2039
0.1942
0.2039
0.2233
0.2233
0.2136
0.1942
0.2136
0.2039
0.1942
0.1942
0.1748
0.1748
0.1845
0.1748
0.1748
0.1748
0.165
0.1845
0.2039
0.2136
0.1845
0.1942
0.1748
0.165
0.165
0.1748
0.1748
0.1748
0.1748
0.1748
0.1845
0.165
0.1748
0.1553
0.165
0.1748
0.1845
0.1845
0.2039
0.2136
0.2039
0.2136
0.165
0.1845
0.165
0.1942
0.165
0.165
0.1748
0.165
0.1748
0.165
0.165
0.165
0.165
0.165
0.165
0.165
0.165
0.1845
0.1942
0.1748
0.2039
0.2039
0.1942
0.1845
0.2039
0.1942
0.1748
0.1942
0.1845
0.1845
0.2039
0.1748
0.1553
0.165
0.1553
0.165
0.1553
0.1553
0.1553
0.1748
0.1942
0.1748
0.165
0.165
0.1553
0.165
0.1553
0.2039
0.1845
0.1845
0.1845
0.1845
0.1748
0.165
0.1748
0.1748
0.1748
0.1748
0.1748
0.1748
0.165
0.1553
0.165
0.165
0.1553
0.1553
0.1553
0.1553
0.1748
0.165
0.165
0.165
0.165
0.1748
0.165
0.1553
0.1553
0.165
0.165
0.1748
0.165
0.165
0.165
0.165
0.165
0.165
0.1748
0.165
0.165
0.1748
0.165
0.165
0.1748
0.1748
0.165
0.2039
0.1845
0.1845
0.1942
0.1942
0.2136
0.2039
0.2039
0.2039
0.2039
0.2136
0.2136
0.2136
0.2039
0.2039
0.2136
0.2136
0.2136
0.2039
0.2136
0.1942
0.2136
0.2136
0.2136
0.2136
0.2427
0.2427
0.2427
0.2427
0.1942
0.2039
0.233
0.2233
0.2136
0.1845
0.2427
0.2427
0.2524
0.2233
0.2233
0.2039
0.1942
0.1748
0.1748
0.1942
0.1942
0.2039
0.1845
0.165
0.1845
0.1845
0.2039
0.1942
0.2039
0.2233
0.2427
0.1942
0.1942
0.1942
0.1748
0.1845
0.1942
0.1942
0.1748
0.2039
0.165
0.1748
0.1942
0.1942
0.2136
0.233
0.2233
0.2039
0.2136
0.2427
0.2136
0.2136
0.2136
0.1845
0.1942
0.2039
0.2039
0.1942
0.1845
0.1553
0.1845
0.2136
0.2427
0.233
0.2427
0.2427
0.2427
0.233
0.2039
0.2524
0.2427
0.2136
0.1845
0.1942
0.2427
0.2039
0.2233
0.1845
0.1845
0.1845
0.1942
0.1942
0.1845
0.2136
0.2039
0.2136
0.2427
0.2233
0.2136
0.1942
0.1942
0.1845
0.2039
0.1845
0.1942
0.233
0.2233
0.2233
0.2233
0.2233
0.233
0.2039
0.2039
0.2136
0.2136
0.1845
0.165
0.1942
0.2136
0.1845
0.2136
0.1942
0.2039
0.2039
0.1456
0.1748
0.1748
0.165
0.1748
0.1748
0.1748
0.165
0.1942
0.1942
0.2039
0.2136
0.2233
0.2233
0.2233
0.2427
0.2427
0.2233
0.2233
0.233
0.233
0.2136
0.233
0.233
0.2621
0.2524
0.2427
0.2524
0.2621
0.2621
0.2718
0.2816
0.2816
0.2621
0.2524
0.233
0.233
0.233
0.2039
0.2136
0.233
0.2136
0.2039
0.1845
0.1553
0.1748
0.2427
0.1845
0.2039
0.1845
0.1942
0.2233
0.2136
0.2233
0.1942
0.2039
0.2233
0.233
0.2427
0.2427
0.1942
0.1942
0.1942
0.1845
0.1942
0.1942
0.1942
0.1845
0.2233
0.1942
0.2233
0.2233
0.1748
0.1748
0.2039
0.1942
0.2136
0.165
0.1553
0.165
0.1456
0.1359
0.1359
0.1262
0.1262
0.1359
0.1456
0.1748
0.1942
0.1845
0.1748
0.1748
0.1942
0.165
0.1845
0.1845
0.2233
0.2233
0.1942
0.1942
0.1942
0.1845
0.1942
0.2233
0.2233
0.2233
0.233
0.165
0.1748
0.1942
0.1748
0.1748
0.1845
0.1845
0.1845
0.1748
0.1942
0.1748
0.1845
0.1845
0.1748
0.1748
0.1748
0.1845
0.1942
0.1748
0.2039
0.165
0.165
0.2136
0.2039
0.233
0.2427
0.2427
0.233
0.233
0.2427
0.2621
0.2427
0.2524
0.2621
0.2621
0.2621
0.2621
0.2621
0.2524
0.2524
0.233
0.233
0.2039
0.2621
0.2621
0.233
0.2427
0.2233
0.2233
0.2233
0.2233
0.2427
0.2427
0.2427
0.233
0.233
0.2233
0.233
0.2136
0.2136
0.2233
0.1845
0.1845
0.1845
0.1845
0.1845
0.1748
0.1748
0.1942
0.1845
0.2136
0.1748
0.1553
0.165
0.165
0.1845
0.1942
0.2039
0.1748
0.1845
0.1748
0.1942
0.1942
0.1942
0.1942
0.2039
0.1942
0.1942
0.1553
0.1845
0.1845
0.165
0.1942
0.1845
0.2039
0.1942
0.1942
0.2039
0.2136
0.2039
0.1942
0.2039
0.2233
0.1942
0.1845
0.2039
0.2136
0.233
0.2233
0.1942
0.2136
0.2039
0.2233
0.2136
0.1942
0.2136
0.2136
0.1845
0.1942
0.1748
0.1748
0.165
0.1845
0.1942
0.1942
0.1942
0.1942
0.1845
0.1845
0.1942
0.1942
0.2039
0.1942
0.1942
0.165
0.1456
0.165
0.1553
0.1553
0.1942
0.1845
0.1845
0.1845
0.1748
0.1748
0.1748
0.1553
0.1456
0.1942
0.1748
0.1748
0.1748
0.1553
0.1942
0.1748
0.1845
0.1942
0.2039
0.2039
0.1942
0.1942
0.2233
0.1845
0.2039
0.2039
0.2233
0.1845
0.2039
0.2136
0.2039
0.1845
0.1942
0.2039
0.2136
0.2427
0.1942
0.1845
0.165
0.1748
0.165
0.1845
0.1748
0.165
0.1748
0.165
0.165
0.1748
0.1748
0.1553
0.1456
0.1845
0.1845
0.165
0.1748
0.1748
0.1553
0.165
0.1845
0.1553
0.1942
0.1553
0.2039
0.1942
0.1748
0.165
0.1942
0.1942
0.1845
0.2039
0.1845
0.1845
0.1845
0.165
0.1845
0.165
0.1845
0.1553
0.165
0.165
0.1553
0.165
0.1845
0.1942
0.1942
0.165
0.1553
0.165
0.1845
0.1845
0.1845
0.1845
0.1845
0.1845
0.2039
0.1845
0.2136
0.233
0.2233
0.2039
0.2136
0.2233
0.2136
0.2136
0.2233
0.2136
0.2233
0.2039
0.1942
0.1942
0.1942
0.1942
0.2136
0.2136
0.2233
0.2136
0.2136
0.2233
0.2233
0.2233
0.2039
0.2039
0.2136
0.2039
0.2233
0.2233
0.2233
0.2233
0.2233
0.2136
0.2233
0.2233
0.233
0.233
0.233
0.233
0.233
0.2427
0.233
0.233
0.2427
0.233
0.233
0.233
0.233
0.233
0.2427
0.2524
0.2427
0.2427
0.2524
0.2621
0.2621
0.2233
0.2136
0.2136
0.2524
0.2233
0.233
0.233
0.233
0.2039
0.2136
0.2136
0.2427
0.2233
0.2233
0.2233
0.233
0.233
0.2427
0.233
0.2233
0.2233
0.1942
0.2039
0.2136
0.1942
0.1845
0.2136
0.1845
0.1942
0.1845
0.1748
0.165
0.1553
0.165
0.1748
0.165
0.1553
0.1748
0.1748
0.1845
0.1845
0.1748
0.1748
0.1845
0.1748
0.165
0.1748
0.1748
0.1748
0.1748
0.2039
0.2039
0.2136
0.2136
0.233
0.233
0.2233
0.2233
0.2039
0.2233
0.2427
0.2039
0.2524
0.2427
0.2427
0.2427
0.2233
0.233
0.233
0.2427
0.233
0.2427
0.2427
0.233
0.233
0.233
0.2427
0.2427
0.2233
0.2136
0.1942
0.1942
0.2039
0.1748
0.1748
0.1942
0.1845
0.1748
0.1748
0.2039
0.1942
0.1845
0.1942
0.1942
0.2039
0.2039
0.1845
0.1748
0.1748
0.2136
0.233
0.2427
0.2233
0.233
0.2136
0.2233
0.233
0.233
0.233
0.2136
0.2136
0.2233
0.2136
0.2233
0.2136
0.2136
0.1942
0.1845
0.1748
0.1748
0.1845
0.1845
0.1942
0.1845
0.2136
0.2039
0.2039
0.1942
0.165
0.1553
0.165
0.165
0.1845
0.2039
0.1942
0.1942
0.1845
0.1942
0.1748
0.1845
0.1748
0.1942
0.2136
0.2233
0.2136
0.2136
0.2136
0.2427
0.2039
0.1845
0.2136
0.2039
0.233
0.2233
0.2039
0.1942
0.2039
0.2039
0.1942
0.2039
0.2039
0.1942
0.1845
0.1942
0.2039
0.1942
0.2039
0.1942
0.2039
0.2039
0.2233
0.2039
0.1845
0.1845
0.1942
0.1942
0.2136
0.1942
0.1942
0.1942
0.1942
0.1942
0.1845
0.1942
0.1942
0.2039
0.1845
0.1845
0.1845
0.1845
0.2136
0.2136
0.2039
0.2136
0.2136
0.2039
0.1942
0.1942
0.1942
0.1845
0.1942
0.1845
0.1942
0.1942
0.1748
0.2039
0.1942
0.2039
0.1845
0.1942
0.1845
0.1748
0.2039
0.2039
0.2233
0.2136
0.1942
0.2039
0.2039
0.2039
0.2136
0.2039
0.1942
0.1942
0.2136
0.2039
0.2427
0.233
0.2427
0.1942
0.1942
0.2427
0.2039
0.1942
0.1845
0.1359
0.1456
0.165
0.1553
0.1165
0.1553
0.2136
0.2039
0.1845
0.1553
0.1942
0.1748
0.1456
0.1456
0.1456
0.1359
0.165
0.1748
0.1845
0.1748
0.1359
0.1359
0.1845
0.1942
0.1748
0.2039
0.2136
0.2039
0.2039
0.233
0.2136
0.2524
0.2233
0.2233
0.233
0.2233
0.1942
0.2136
0.2039
0.1942
0.1748
0.1748
0.1845
0.1845
0.1845
0.165
0.1748
0.165
0.165
0.165
0.1553
0.1553
0.1845
0.1845
0.1748
0.1845
0.2039
0.2039
0.2136
0.1942
0.2233
0.165
0.1456
0.1359
0.1845
0.165
0.1359
0.1456
0.1748
0.1262
0.1165
0.1262
0.1262
0.1359
0.1359
0.1456
0.1456
0.1748
0.1942
0.1942
0.165
0.165
0.165
0.165
0.1456
0.1456
0.1456
0.1359
0.1456
0.1262
0.1359
0.1553
0.1359
0.165
0.1748
0.1456
0.1456
0.1262
0.1456
0.165
0.165
0.1748
0.2039
0.1748
0.1553
0.1748
0.1553
0.1553
0.1553
0.1748
0.1845
0.1845
0.1942
0.1942
0.1748
0.165
0.1748
0.165
0.1456
0.1553
0.1553
0.1748
0.1359
0.1456
0.1359
0.1359
0.1359
0.1553
0.1456
0.1456
0.1359
0.1456
0.1748
0.165
0.165
0.1553
0.1553
0.1262
0.1456
0.1359
0.1456
0.1553
0.1359
0.1262
0.1553
0.1553
0.1359
0.1359
0.1456
0.1845
0.1553
0.1553
0.165
0.165
0.165
0.165
0.1748
0.2039
0.1845
0.1942
0.1942
0.1942
0.2039
0.2233
0.2136
0.2136
0.1748
0.1748
0.1456
0.1845
0.1748
0.1748
0.1456
0.1262
0.1456
0.1456
0.1553
0.165
0.1553
0.1553
0.165
0.1553
0.1553
0.1553
0.165
0.165
0.1748
0.2039
0.1456
0.1748
0.1748
0.165
0.165
0.1748
0.165
0.1748
0.1553
0.1553
0.1748
0.1748
0.1845
0.165
0.1553
0.165
0.1456
0.1456
0.1942
0.1942
0.1456
0.1845
0.165
0.1748
0.1942
0.165
0.1748
0.1748
0.165
0.165
0.1845
0.1748
0.165
0.165
0.1748
0.1845
0.1942
0.1845
0.1845
0.165
0.1942
0.2039
0.2136
0.1942
0.1942
0.1942
0.1748
0.1845
0.2039
0.1845
0.2039
0.1942
0.2039
0.2039
0.1845
0.1748
0.1748
0.1748
0.1845
0.1845
0.1748
0.1845
0.1845
0.1845
0.2039
0.2039
0.2136
0.1942
0.1748
0.1748
0.1748
0.1748
0.1748
0.1553
0.1553
0.1456
0.1456
0.165
0.1456
0.165
0.1748
0.165
0.1748
0.1553
0.1845
0.1845
0.1845
0.1942
0.2136
0.1748
0.1748
0.1942
0.1942
0.1845
0.1942
0.1942
0.1845
0.1845
0.1845
0.1845
0.1748
0.1845
0.1748
0.1748
0.1553
0.1553
0.1553
0.1748
0.165
0.1553
0.1748
0.1553
0.165
0.165
0.165
0.1553
0.1262
0.1456
0.1553
0.1748
0.165
0.1748
0.165
0.2039
0.2136
0.2136
0.2136
0.2039
0.2136
0.2136
0.2039
0.165
0.2039
0.1748
0.1553
0.1553
0.165
0.1748
0.1748
0.1748
0.1553
0.1456
0.1553
0.1553
0.1748
0.1553
0.1553
0.1553
0.1553
0.1553
0.1553
0.1553
0.165
0.1553
0.1553
0.1553
0.165
0.1553
0.1553
0.1553
0.1553
0.1553
0.1553
0.1553
0.1553
0.1456
0.1553
0.1553
0.1553
0.1553
0.1456
0.1553
0.165
0.1553
0.1553
0.1553
0.1456
0.1553
0.1553
0.1553
0.1553
0.165
0.1748
0.1553
0.1845
0.1845
0.165
0.165
0.1845
0.2039
0.1553
0.1748
0.1748
0.165
0.1942
0.1942
0.1942
0.1845
0.1845
0.1845
0.165
0.1748
0.1748
0.165
0.165
0.1845
0.1845
0.1845
0.1748
0.1748
0.1748
0.1748
0.165
0.165
0.1553
0.165
0.1553
0.1553
0.1456
0.1456
0.1456
0.1553
0.165
0.1553
0.1456
0.165
0.165
0.1456
0.1456
0.1456
0.1553
0.165
0.1553
0.1845
0.165
0.1553
0.1845
0.1845
0.165
0.1553
0.1845
0.1748
0.1748
0.1845
0.1553
0.1553
0.1456
0.1553
0.1456
0.1262
0.1553
0.1456
0.1553
0.1553
0.1553
0.165
0.1553
0.1553
0.1553
0.1553
0.1553
0.1748
0.2136
0.233
0.2039
0.1942
0.1942
0.1845
0.1845
0.1845
0.1845
0.1845
0.1845
0.1748
0.1748
0.1845
0.1845
0.1748
0.1845
0.2136
0.2136
0.1845
0.1845
0.1845
0.1845
0.1845
0.1942
0.1942
0.1942
0.1845
0.1845
0.1845
0.1748
0.1748
0.1748
0.1942
0.165
0.1553
0.1553
0.165
0.1845
0.165
0.1748
0.2039
0.2039
0.1942
0.1553
0.165
0.1748
0.1748
0.1845
0.1748
0.1748
0.165
0.1845
0.165
0.165
0.1553
0.165
0.165
0.165
0.1553
0.1553
0.165
0.1748
0.1845
0.1845
0.1748
0.1748
0.1456
0.1456
0.1456
0.1553
0.1553
0.1456
0.1553
0.1553
0.1748
0.2039
0.1942
0.2039
0.2233
0.233
0.2136
0.2136
0.2427
0.233
0.2233
0.1845
0.2233
0.1845
0.1845
0.165
0.1748
0.1748
0.165
0.1748
0.165
0.165
0.1942
0.1748
0.165
0.1845
0.1942
0.2039
0.1748
0.1845
0.1942
0.1845
0.1845
0.1845
0.165
0.1748
0.1748
0.1748
0.1748
0.165
0.165
0.1845
0.1748
0.1748
0.1748
0.165
0.1553
0.1553
0.165
0.165
0.1748
0.1942
0.1942
0.1748
0.1942
0.1553
0.1748
0.1748
0.165
0.1748
0.165
0.165
0.1553
0.1553
0.1553
0.165
0.1553
0.1553
0.165
0.1748
0.1553
0.1748
0.165
0.1748
0.1553
0.1748
0.1748
0.1748
0.165
0.1748
0.1456
0.1456
0.1845
0.1748
0.165
0.165
0.1359
0.1262
0.1456
0.1456
0.165
0.1748
0.165
0.1748
0.165
0.165
0.1553
0.1553
0.165
0.1262
0.1359
0.1456
0.165
0.1553
0.165
0.1456
0.1456
0.1748
0.1553
0.1553
0.1748
0.1456
0.1553
0.1748
0.1553
0.1748
0.1456
0.165
0.165
0.1748
0.1748
0.165
0.1942
0.1748
0.1748
0.1845
0.2233
0.233
0.2039
0.1942
0.1845
0.2039
0.1942
0.1942
0.1845
0.1845
0.1553
0.1748
0.1845
0.1748
0.1748
0.1845
0.1845
0.2136
0.2039
0.165
0.165
0.1845
0.1748
0.165
0.165
0.1748
0.165
0.1748
0.1748
0.1748
0.1748
0.1748
0.1748
0.165
0.1845
0.1748
0.1553
0.1845
0.1456
0.165
0.1845
0.1748
0.1553
0.1553
0.1553
0.165
0.165
0.165
0.165
0.1553
0.165
0.165
0.165
0.1748
0.165
0.1553
0.165
0.165
0.165
0.1748
0.165
0.165
0.1553
0.165
0.165
0.165
0.1748
0.1942
0.1748
0.165
0.1942
0.1942
0.1942
0.165
0.1942
0.1845
0.1942
0.1942
0.1748
0.1748
0.1553
0.1748
0.1748
0.1553
0.165
0.165
0.165
0.1748
0.165
0.1456
0.1456
0.165
0.165
0.1942
0.1942
0.2039
0.2039
0.1748
0.1748
0.1456
0.165
0.1845
0.1553
0.1553
0.1553
0.1553
0.165
0.1553
0.165
0.1553
0.1456
0.1456
0.1553
0.1553
0.165
0.1553
0.1553
0.1553
0.165
0.1553
0.1359
0.1359
0.1553
0.1553
0.165
0.1456
0.1553
0.1553
0.1553
0.165
0.1748
0.1553
0.1553
0.1553
0.1553
0.1553
0.1553
0.1456
0.1456
0.1456
0.1553
0.1553
0.1553
0.1456
0.165
0.2039
0.1845
0.1845
0.2039
0.1748
0.1942
0.165
0.1942
0.1748
0.1845
0.165
0.1748
0.165
0.2136
0.1942
0.1942
0.1942
0.1845
0.1845
0.1942
0.165
0.1845
0.1748
0.1942
0.1845
0.1748
0.1553
0.165
0.165
0.1748
0.1748
0.1748
0.1748
0.1553
0.165
0.1845
0.1845
0.1748
0.165
0.1553
0.165
0.1748
0.165
0.165
0.165
0.1456
0.165
0.1553
0.1748
0.1553
0.165
0.1553
0.1359
0.1456
0.1456
0.1359
0.1553
0.1553
0.1845
0.1845
0.1845
0.1748
0.1748
0.1845
0.1553
0.1845
0.1845
0.165
0.165
0.165
0.2039
0.2039
0.1845
0.2039
0.1942
0.1942
0.1748
0.1942
0.2233
0.1845
0.1845
0.1845
0.1748
0.1748
0.1748
0.165
0.165
0.1456
0.1456
0.1553
0.1456
0.1553
0.1553
0.1553
0.1553
0.1553
0.1553
0.1456
0.1845
0.165
0.1748
0.1553
0.1456
0.1359
0.1553
0.165
0.1553
0.1262
0.1553
0.1262
0.1359
0.1262
0.1456
0.1553
0.1845
0.1845
0.1942
0.1942
0.1748
0.1359
0.1456
0.1456
0.1553
0.1456
0.1456
0.1456
0.1456
0.1456
0.165
0.1456
0.1456
0.1456
0.1553
0.1553
0.165
0.1359
0.165
0.1553
0.165
0.165
0.1553
0.1456
0.165
0.1456
0.165
0.1359
0.1359
0.1359
0.1359
0.1359
0.1553
0.1553
0.165
0.1845
0.1748
0.1553
0.1456
0.1456
0.1456
0.1553
0.1456
0.1359
0.1748
0.1942
0.1748
0.1456
0.1456
0.1553
0.165
0.165
0.1456
0.2136
0.1942
0.233
0.2136
0.2136
0.1942
0.1748
0.1748
0.1845
0.1748
0.165
0.1553
0.1456
0.1456
0.1553
0.1553
0.1553
0.1748
0.1748
0.1748
0.1553
0.165
0.1748
0.1553
0.1359
0.1748
0.1456
0.1456
0.1553
0.1456
0.1359
0.165
0.1359
0.1359
0.1359
0.1553
0.1359
0.1359
0.1359
0.1456
0.1456
0.1456
0.1845
0.1845
0.1359
0.1359
0.1359
0.1456
0.1456
0.165
0.1456
0.1359
0.1456
0.1456
0.1553
0.165
0.1553
0.1748
0.1748
0.1748
0.1456
0.1748
0.1748
0.1845
0.165
0.165
0.1748
0.1553
0.1553
0.1748
0.1845
0.1748
0.1748
0.165
0.1845
0.1748
0.1748
0.1553
0.1553
0.1845
0.1748
0.1748
0.1845
0.1748
0.1553
0.1553
0.165
0.1748
0.1553
0.165
0.1748
0.1748
0.1748
0.1748
0.165
0.1748
0.165
0.165
0.1456
0.1359
0.165
0.1942
0.1748
0.1553
0.165
0.165
0.165
0.165
0.1553
0.1553
0.1553
0.165
0.1748
0.1553
0.1553
0.1456
0.1456
0.1553
0.1748
0.1553
0.1553
0.1553
0.165
0.1456
0.165
0.165
0.1553
0.1553
0.1553
0.1553
0.1553
0.1553
0.1553
0.1553
0.1553
0.165
0.165
0.165
0.165
0.1553
0.165
0.1748
0.165
0.1456
0.165
0.165
0.1456
0.1553
0.165
0.1553
0.1553
0.165
0.1553
0.1553
0.1553
0.165
0.1456
0.1456
0.1456
0.1553
0.1553
0.1748
0.1553
0.1553
0.1942
0.1748
0.1845
0.1553
0.1553
0.1553
0.1942
0.1553
0.1359
0.1456
0.1553
0.1553
0.233
0.2136
0.2136
0.2233
0.2039
0.1942
0.1942
0.165
0.1942
0.2039
0.2039
0.2039
0.1845
0.1845
0.1845
0.1845
0.1748
0.1845
0.165
0.1845
0.1748
0.1748
0.165
0.1748
0.1553
0.1456
0.1553
0.1553
0.1748
0.1845
0.1748
0.1845
0.165
0.1748
0.1748
0.1748
0.1748
0.1553
0.1456
0.1553
0.1553
0.1748
0.1553
0.165
0.1845
0.1748
0.1748
0.2039
0.2524
0.233
0.3398
0.301
0.3204
0.3204
0.3204
0.2718
0.233
0.2039
0.1845
0.1748
0.165
0.1553
0.1553
0.165
0.1553
0.1553
0.1553
0.1456
0.1748
0.165
0.1553
0.165
0.1845
0.1845
0.1748
0.1845
0.1456
0.1359
0.1165
0.1748
0.1748
0.1845
0.1748
0.1748
0.1748
0.1748
0.1748
0.1553
0.1748
0.1553
0.1748
0.1748
0.1748
0.1456
0.1456
0.165
0.165
0.1553
0.1553
0.1748
0.1845
0.165
0.1748
0.1456
0.1553
0.165
0.165
0.1553
0.1553
0.1553
0.1456
0.1359
0.1456
0.1456
0.1262
0.1553
0.1359
0.1748
0.1553
0.1456
0.1456
0.1456
0.1553
0.1553
0.165
0.165
0.165
0.1553
0.1456
0.1553
0.165
0.165
0.1553
0.1748
0.165
0.165
0.1748
0.165
0.1359
0.1359
0.165
0.165
0.1553
0.165
0.1359
0.1553
0.1165
0.1262
0.165
0.165
0.1942
0.165
0.1748
0.165
0.165
0.1845
0.1942
0.1942
0.1553
0.165
0.1359
0.1456
0.1553
0.1456
0.1456
0.165
0.165
0.1748
0.1942
0.1845
0.1845
0.1748
0.1456
0.1456
0.1456
0.1456
0.1456
0.1456
0.1456
0.1456
0.1456
0.1262
0.1262
0.1359
0.1359
0.1359
0.1359
0.1359
0.1359
0.1359
0.165
0.1359
0.1262
0.1262
0.1262
0.1553
0.1359
0.1262
0.1359
0.1359
0.1456
0.1553
0.1456
0.1359
0.1456
0.1359
0.1456
0.1359
0.1553
0.165
0.165
0.1553
0.1748
0.1748
0.1748
0.1456
0.165
0.1456
0.1456
0.1456
0.1456
0.165
0.1553
0.1456
0.1456
0.1456
0.1456
0.1553
0.1553
0.1553
0.165
0.165
0.1748
0.1553
0.1553
0.1456
0.1456
0.1456
0.1456
0.1262
0.1456
0.1359
0.1456
0.1456
0.1553
0.1553
0.1553
0.1553
0.1845
0.1845
0.1748
0.165
0.1553
0.165
0.1553
0.1748
0.165
0.1359
0.1359
0.165
0.1359
0.1553
0.1748
0.1748
0.1845
0.1748
0.1748
0.165
0.1553
0.165
0.165
0.1553
0.1748
0.1748
0.1942
0.1748
0.1845
0.1845
0.1748
0.1748
0.1748
0.1942
0.165
0.1456
0.1359
0.1359
0.1553
0.165
0.1553
0.1553
0.1456
0.1553
0.1553
0.1553
0.1553
0.1553
0.1262
0.1456
0.1359
0.1456
0.165
0.1845
0.1845
0.1456
0.1456
0.1359
0.1456
0.1456
0.1359
0.1359
0.1359
0.1359
0.1359
0.1553
0.1553
0.1456
0.1456
0.165
0.1845
0.165
0.165
0.1456
0.1553
0.1165
0.1165
0.1165
0.1165
0.1262
0.1359
0.1262
0.1165
0.1262
0.1359
0.1359
0.1262
0.1262
0.1456
0.1262
0.1165
0.1359
0.1553
0.1553
0.165
0.165
0.1553
0.1456
0.1456
0.1456
0.1456
0.1456
0.1262
0.1359
0.1456
0.1456
0.1359
0.165
0.1845
0.1456
0.1456
0.1845
0.1553
0.1456
0.1456
0.1262
0.1165
0.1262
0.1456
0.1359
0.1262
0.1262
0.1262
0.165
0.1845
0.1553
0.1456
0.1456
0.1262
0.1456
0.1359
0.1359
0.1553
0.1553
0.1553
0.1553
0.1359
0.1359
0.1456
0.1553
0.1359
0.1359
0.1359
0.1359
0.165
0.1553
0.1359
0.1262
0.1553
0.1456
0.1456
0.165
0.1748
0.1748
0.1553
0.1456
0.1456
0.1359
0.1359
0.1456
0.1359
0.1553
0.1359
0.1553
0.1456
0.1553
0.1456
0.1456
0.1553
0.1845
0.1845
0.1456
0.1553
0.1553
0.1553
0.1456
0.165
0.165
0.1942
0.1942
0.1942
0.2039
0.1553
0.1942
0.1845
0.1942
0.1845
0.165
0.165
0.1456
0.1845
0.165
0.165
0.165
0.165
0.1942
0.2233
0.233
0.233
0.2233
0.2233
0.2039
0.2233
0.2233
0.2233
0.2039
0.1942
0.1456
0.1456
0.1553
0.165
0.1359
0.1262
0.1553
0.1553
0.165
0.1553
0.1456
0.165
0.1553
0.1748
0.165
0.165
0.1748
0.165
0.1748
0.1456
0.1456
0.1553
0.1553
0.1553
0.1553
0.165
0.165
0.1553
0.1553
0.1359
0.1456
0.1456
0.1456
0.1262
0.1262
0.1359
0.1165
0.1359
0.1262
0.1262
0.1359
0.1165
0.1359
0.1262
0.1262
0.1359
0.1456
0.1553
0.1359
0.1359
0.1359
0.1359
0.1456
0.1553
0.1456
0.1262
0.1262
0.1553
0.1748
0.1748
0.165
0.165
0.1165
0.1456
0.1456
0.1262
0.1359
0.1456
0.1359
0.1748
0.165
0.165
0.165
0.1748
0.165
0.1553
0.1553
0.1456
0.1456
0.1262
0.1359
0.1359
0.1553
0.1262
0.1553
0.1456
0.1359
0.1456
0.1456
0.1553
0.1553
0.1553
0.1456
0.1553
0.1456
0.1456
0.1456
0.1553
0.165
0.165
0.165
0.1553
0.1553
0.1942
0.1748
0.1553
0.165
0.165
0.165
0.1553
0.1262
0.1456
0.1359
0.1359
0.1359
0.1262
0.1456
0.1456
0.1553
0.1553
0.1553
0.1456
0.1456
0.1553
0.1553
0.1553
0.1553
0.1553
0.1262
0.1456
0.1553
0.1456
0.1262
0.1262
0.1262
0.1553
0.165
0.165
0.1553
0.1456
0.1359
0.1359
0.1456
0.1456
0.1359
0.1165
0.1359
0.1359
0.1359
0.1553
0.1456
0.1456
0.1262
0.1456
0.1553
0.1262
0.1165
0.1165
0.1262
0.1165
0.1359
0.1359
0.1553
0.1456
0.1456
0.1359
0.1359
0.1456
0.1359
0.1359
0.1553
0.1553
0.1359
0.1553
0.1456
0.1553
0.1553
0.1553
0.1553
0.1553
0.1553
0.1553
0.1553
0.1553
0.1748
0.1748
0.1553
0.1553
0.1553
0.1553
0.1553
0.1553
0.1553
0.1553
0.1456
0.1553
0.1748
0.165
0.1942
0.1942
0.1845
0.1553
0.1553
0.1748
0.165
0.1553
0.165
0.1942
0.1845
0.1553
0.165
0.1553
0.1553
0.165
0.165
0.1748
0.1553
0.165
0.165
0.165
0.165
0.1553
0.1553
0.1553
0.1553
0.1553
0.1748
0.1553
0.1553
0.165
0.165
0.1845
0.2039
0.165
0.1845
0.1942
0.1942
0.165
0.1845
0.1748
0.1748
0.1748
0.1748
0.1845
0.1748
0.1553
0.1553
0.165
0.1553
0.1748
0.1748
0.1553
0.1553
0.1748
0.1748
0.165
0.165
0.1456
0.1456
0.1553
0.1553
0.165
0.1845
0.1845
0.1748
0.165
0.1748
0.1748
0.1553
0.1845
0.1748
0.1748
0.1748
0.1748
0.165
0.1748
0.1553
0.1456
0.1553
0.1845
0.1748
0.1748
0.1553
0.1553
0.1553
0.165
0.165
0.1748
0.165
0.1553
0.1456
0.1456
0.1359
0.1456
0.1456
0.1456
0.1553
0.1553
0.165
0.165
0.1456
0.1456
0.1359
0.1748
0.1456
0.1456
0.1359
0.1456
0.1553
0.1553
0.1553
0.165
0.1553
0.1553
0.1553
0.1553
0.1553
0.165
0.1553
0.165
0.1359
0.1553
0.1359
0.1456
0.165
0.165
0.1359
0.1359
0.1359
0.1359
0.1262
0.1456
0.1359
0.1165
0.1262
0.1359
0.1456
0.1553
0.1359
0.1359
0.1359
0.1359
0.1553
0.1553
0.1553
0.1456
0.1553
0.1553
0.1456
0.1748
0.165
0.165
0.1553
0.1553
0.1456
0.165
0.1553
0.1553
0.1553
0.1748
0.165
0.1748
0.165
0.1456
0.1553
0.165
0.1553
0.1553
0.1553
0.1553
0.1456
0.1845
0.165
0.165
0.1456
0.1553
0.1553
0.1359
0.1456
0.1456
0.1553
0.1456
0.1553
0.1553
0.1553
0.1456
0.1456
0.1456
0.1748
0.1553
0.1456
0.1748
0.1748
0.1845
0.1553
0.1359
0.1456
0.1553
0.1456
0.1748
0.1456
0.1748
0.1748
0.1748
0.1748
0.1748
0.165
0.165
0.1845
0.1456
0.1456
0.1359
0.1359
0.1456
0.1553
0.1359
0.1456
0.1359
0.1456
0.1456
0.1553
0.1456
0.1456
0.1553
0.165
0.1553
0.1359
0.1553
0.1359
0.1456
0.1553
0.165
0.1553
0.165
0.1553
0.1845
0.1942
0.1942
0.1942
0.165
0.1942
0.233
0.1845
0.1748
0.1942
0.165
0.165
0.1553
0.1748
0.165
0.1748
0.1748
0.1456
0.1748
0.1748
0.1553
0.1553
0.1262
0.1456
0.1359
0.1456
0.1456
0.1456
0.1359
0.1456
0.1456
0.1262
0.1359
0.1359
0.1456
0.1553
0.1553
0.1553
0.1456
0.165
0.1553
0.1553
0.1553
0.1553
0.1456
0.1456
0.1456
0.1359
0.1165
0.1359
0.1359
0.1748
0.1553
0.1748
0.1456
0.1553
0.1359
0.1456
0.1359
0.165
0.1553
0.165
0.1553
0.1553
0.165
0.1553
0.1553
0.1553
0.1359
0.1456
0.1553
0.1553
0.1553
0.1748
0.1553
0.1359
0.1553
0.1553
0.165
0.1748
0.1748
0.1845
0.1553
0.1456
0.1553
0.165
0.1553
0.1456
0.1553
0.1553
0.1553
0.1553
0.165
0.165
0.1942
0.165
0.165
0.165
0.165
0.165
0.165
0.165
0.1553
0.1553
0.1748
0.1942
0.1456
0.1456
0.1456
0.1456
0.1456
0.1456
0.1456
0.1456
0.165
0.165
0.1553
0.1845
0.165
0.1553
0.1359
0.1262
0.1456
0.1262
0.1359
0.1262
0.1359
0.1456
0.1456
0.1553
0.1553
0.1553
0.1553
0.1553
0.1553
0.1845
0.1748
0.1262
0.1262
0.1262
0.1165
0.1262
0.1359
0.1359
0.1456
0.1456
0.1553
0.1359
0.1359
0.1359
0.1359
0.165
0.1845
0.1748
0.1748
0.1456
0.165
0.1553
0.165
0.1942
0.1748
0.1942
0.1845
0.1456
0.1456
0.1553
0.1456
0.1456
0.1553
0.1456
0.1553
0.1553
0.1456
0.1456
0.1456
0.1553
0.1553
0.1456
0.1456
0.1456
0.1456
0.1456
0.1553
0.1553
0.165
0.1748
0.165
0.1359
0.1456
0.1456
0.1456
0.1456
0.1553
0.1553
0.1456
0.1553
0.1456
0.1456
0.1456
0.1456
0.1456
0.1553
0.1553
0.1456
0.1456
0.1456
0.1456
0.1456
0.1456
0.1456
0.1262
0.1553
0.165
0.1456
0.1165
0.1262
0.1262
0.1165
0.1456
0.1359
0.1262
0.1262
0.1262
0.1165
0.1359
0.1456
0.1553
0.1456
0.1456
0.165
0.1456
0.1359
0.1553
0.165
0.165
0.1553
0.1553
0.165
0.165
0.165
0.1748
0.1748
0.1456
0.1359
0.1359
0.1359
0.1359
0.1359
0.1359
0.1359
0.1262
0.1262
0.1262
0.1456
0.1165
0.1068
0.1068
0.1068
0.1165
0.1068
0.1359
0.1359
0.1359
0.1359
0.1359
0.1262
0.1553
0.1553
0.1553
0.1553
0.1456
0.1553
0.1553
0.1553
0.1553
0.1553
0.1456
0.1553
0.1359
0.1456
0.1553
0.165
0.1748
0.1748
0.1748
0.1456
0.165
0.165
0.1748
0.1942
0.165
0.1748
0.1942
0.1942
0.1942
0.1942
0.1942
0.1553
0.165
0.2039
0.1942
0.1942
0.1748
0.1845
0.1748
0.1942
0.1845
0.1845
0.1845
0.1748
0.1845
0.1845
0.1748
0.1748
0.1748
0.1748
0.1748
0.1456
0.1553
0.1748
0.165
0.1748
0.1456
0.1845
0.1845
0.165
0.1359
0.1456
0.1262
0.1359
0.1456
0.1359
0.1456
0.1456
0.1359
0.1456
0.1456
0.1456
0.1359
0.1359
0.165
0.1553
0.1359
0.1262
0.1262
0.1262
0.1262
0.1262
0.1262
0.1359
0.1262
0.1165
0.1262
0.1359
0.1553
0.1456
0.1359
0.1262
0.1456
0.1262
0.1456
0.1262
0.1359
0.1359
0.1553
0.1262
0.1359
0.1456
0.1456
0.1553
0.1456
0.1553
0.1553
0.1553
0.1553
0.1359
0.1359
0.1262
0.1456
0.1262
0.165
0.1553
0.165
0.1262
0.1262
0.1262
0.1359
0.1456
0.1359
0.1359
0.1359
0.165
0.1456
0.165
0.1748
0.1456
0.1456
0.1456
0.1456
0.165
0.165
0.1553
0.1748
0.1553
0.1456
0.1553
0.1553
0.1553
0.1553
0.1456
0.1456
0.1456
0.1456
0.1359
0.1359
0.1359
0.1359
0.1553
0.1359
0.1553
0.1553
0.1359
0.1456
0.1359
0.1359
0.1553
0.1359
0.1456
0.165
0.165
0.1456
0.1553
0.1456
0.1456
0.1456
0.1456
0.1456
0.1456
0.1553
0.165
0.165
0.1748
0.165
0.165
0.1748
0.1553
0.1553
0.1553
0.165
0.1456
0.1748
0.1359
0.1456
0.1456
0.165
0.165
0.1359
0.1456
0.165
0.1262
0.165
0.1262
0.1262
0.1456
0.1359
0.1359
0.1553
0.1456
0.1456
0.1359
0.1456
0.1262
0.1553
0.1456
0.1456
0.1456
0.1359
0.1553
0.1553
0.1553
0.1553
0.1553
0.1553
0.1553
0.1456
0.1456
0.1553
0.1456
0.1553
0.1553
0.1456
0.1553
0.1456
0.1359
0.1262
0.1456
0.1359
0.1359
0.1359
0.1553
0.1456
0.1456
0.1456
0.1456
0.1553
0.1456
0.165
0.165
0.1553
0.1553
0.165
0.1359
0.1456
0.1359
0.1165
0.1359
0.1262
0.1359
0.1456
0.1553
0.165
0.1262
0.1456
0.1456
0.1456
0.1456
0.1359
0.1262
0.1359
0.1262
0.1262
0.1359
0.1359
0.1553
0.1359
0.1359
0.165
0.165
0.165
0.1553
0.1553
0.1553
0.1553
0.1456
0.1456
0.1553
0.1553
0.1456
0.1456
0.1553
0.1748
0.1748
0.1845
0.165
0.1553
0.1553
0.1553
0.1553
0.1359
0.1456
0.1359
0.1359
0.1359
0.1359
0.1456
0.1359
0.1456
0.1456
0.1359
0.1456
0.165
0.1845
0.2233
0.2233
0.1553
0.165
0.1456
0.1748
0.165
0.165
0.165
0.165
0.1845
0.1845
0.1845
0.1748
0.1942
0.1748
0.165
0.165
0.1748
0.1845
0.1845
0.1748
0.1456
0.1553
0.1553
0.1748
0.165
0.165
0.165
0.165
0.165
0.165
0.1456
0.1456
0.1456
0.1456
0.1553
0.165
0.1748
0.165
0.1456
0.165
0.1553
0.1553
0.1456
0.1456
0.165
0.1553
0.1456
0.1359
0.1456
0.1359
0.1262
0.1456
0.1845
0.165
0.1359
0.1262
0.1359
0.165
0.1553
0.1553
0.165
0.165
0.1553
0.1845
0.1845
0.1942
0.1845
0.1845
0.1748
0.1845
0.1748
0.1359
0.1262
0.1456
0.1456
0.1553
0.165
0.1553
0.165
0.165
0.165
0.1456
0.1456
0.1456
0.1456
0.1456
0.1456
0.1553
0.1553
0.1553
0.1456
0.1359
0.1262
0.1359
0.1359
0.1262
0.1359
0.1165
0.1262
0.1262
0.1165
0.1359
0.1262
0.1359
0.1359
0.1359
0.1359
0.1553
0.1456
0.1165
0.1262
0.1359
0.1456
0.1359
0.1359
0.165
0.1456
0.165
0.1845
0.1748
0.1942
0.1942
0.2136
0.2136
0.2233
0.2233
0.2233
0.2039
0.2136
0.2136
0.1748
0.1553
0.1359
0.1456
0.1456
0.1165
0.1262
0.165
0.165
0.1748
0.1845
0.1845
0.1748
0.1748
0.165
0.1748
0.165
0.1748
0.1748
0.1845
0.1748
0.1262
0.1262
0.1553
0.1262
0.1359
0.1553
0.1456
0.1359
0.1165
0.1165
0.1262
0.1262
0.1262
0.1553
0.1359
0.1165
0.1359
0.1456
0.1553
0.1359
0.1359
0.1456
0.1553
0.165
0.165
0.1748
0.1748
0.1748
0.165
0.1748
0.1262
0.1262
0.1359
0.1456
0.1456
0.1456
0.1359
0.1553
0.1553
0.1456
0.1359
0.1553
0.1456
0.165
0.165
0.1553
0.1553
0.1553
0.1553
0.1553
0.1553
0.165
0.165
0.165
0.1456
0.1456
0.1456
0.1553
0.1456
0.1456
0.1456
0.1359
0.1456
0.1359
0.1553
0.1553
0.1553
0.1359
0.165
0.1456
0.1456
0.1456
0.1359
0.1359
0.1359
0.1456
0.1456
0.1456
0.1456
0.1359
0.1359
0.1359
0.1359
0.1359
0.1456
0.1456
0.1456
0.1553
0.1553
0.1456
0.1553
0.1553
0.165
0.1553
0.1553
0.165
0.1456
0.1456
0.1553
0.1456
0.1553
0.1553
0.1553
0.1553
0.1456
0.1456
0.165
0.1748
0.1359
0.1553
0.1456
0.1456
0.1553
0.165
0.165
0.1553
0.165
0.165
0.165
0.165
0.1748
0.165
0.165
0.1748
0.165
0.1748
0.1748
0.1553
0.1748
0.1748
0.2039
0.2039
0.1845
0.2039
0.1748
0.1748
0.1553
0.165
0.165
0.1553
0.1553
0.165
0.1553
0.165
0.1748
0.1456
0.1456
0.1553
0.165
0.2136
0.165
0.165
0.165
0.165
0.165
0.1456
0.1748
0.1748
0.1748
0.1748
0.165
0.165
0.1553
0.1456
0.1456
0.1359
0.1262
0.1359
0.1359
0.1359
0.1359
0.1359
0.1456
0.1359
0.1262
0.1359
0.1456
0.1553
0.1553
0.165
0.1553
0.165
0.1359
0.1359
0.1359
0.1359
0.1359
0.1359
0.1359
0.1262
0.1359
0.1359
0.1359
0.1359
0.1359
0.1359
0.1359
0.1359
0.1359
0.1359
0.1456
0.1456
0.1456
0.1359
0.1359
0.1456
0.1456
0.1456
0.1456
0.1553
0.1553
0.1553
0.1456
0.1553
0.1553
0.1553
0.1456
0.1553
0.1553
0.1456
0.1456
0.1456
0.1553
0.1262
0.1359
0.1262
0.1359
0.1359
0.1359
0.1359
0.1456
0.1359
0.1359
0.1262
0.1359
0.1359
0.1359
0.1262
0.1359
0.1262
0.1359
0.1456
0.1456
0.1359
0.1456
0.1748
0.1748
0.1845
0.1748
0.1748
0.1748
0.1553
0.1456
0.165
0.1456
0.1553
0.1456
0.1553
0.1748
0.165
0.1456
0.1553
0.1748
0.1553
0.1553
0.2039
0.2136
0.2136
0.2136
0.2233
0.2039
0.1845
0.165
0.1553
0.1748
0.1748
0.1748
0.1748
0.1553
0.1553
0.1748
0.2039
0.1942
0.2039
0.1942
0.165
0.1845
0.1748
0.1553
0.1845
0.1845
0.1553
0.165
0.1845
0.1845
0.1845
0.1262
0.1262
0.1262
0.1456
0.1359
0.1553
0.1456
0.1359
0.1359
0.1359
0.1456
0.1456
0.1456
0.1456
0.1456
0.1456
0.1553
0.1553
0.1456
0.1553
0.1553
0.1553
0.165
0.1553
0.165
0.165
0.1553
0.1553
0.1553
0.1262
0.1262
0.1262
0.165
0.1262
0.1262
0.1359
0.1553
0.1456
0.1456
0.165
0.1359
0.1359
0.1359
0.1359
0.1359
0.1359
0.1262
0.1553
0.1748
0.1359
0.1456
0.1456
0.1456
0.1845
0.1748
0.1748
0.165
0.165
0.1456
0.1942
0.1262
0.1262
0.1359
0.1456
0.1456
0.1359
0.1456
0.165
0.1748
0.165
0.1553
0.165
0.165
0.1748
0.1748
0.1748
0.1748
0.165
0.1748
0.1262
0.1359
0.165
0.165
0.165
0.165
0.1456
0.1456
0.1456
0.165
0.1553
0.1359
0.1262
0.1262
0.1262
0.1262
0.1262
0.1359
0.1165
0.1359
0.1456
0.1456
0.1456
0.1456
0.1456
0.1456
0.1456
0.1359
0.1553
0.1553
0.1553
0.1845
0.1359
0.1359
0.1553
0.165
0.1359
0.1456
[...]
0
0
0
0
0
0
0
0
0
0
0
0
0
0
0
0
0
0
0
0
0
0
0
0
0
0
0
0
0
0
0
0
0
0
0
0
0
0
0
0
0
0
0
0
0
0
0
0
0
0
0
0
0
0
0
0
0
0
0
0
0
0
0
0
0
0
0
0
0
0
0
0
0
0
0
0
0
0
0
0
0
0
0
0
0
0
0
0
0
0
0
0
0
0
0
0
0
0
0
0
0
0
0
0
0
0
0
0
0
0
0
0
0
0
0
0
0
0
0
0
0
0
0
0
0
0
0
0
0
0
0
0
0
0
0
0
0
0
0
0
0
0
0
0
0
0
0
0
0
0
0
0
0
0
0
0
0
0
0
0
0
0
0
0
0
0
0
0
0
0
0
0
0
0
0
0
0
0
0
0
0
0
0
0
0
0
0
0
0
0
0
0
0
0
0
0
0
0
0
0
0
0
0
0
0
0
0
0
0
0
0
0
0
0
0
0
0
0
0
0
0
0
0
0
0
0
0
0
0
0
0
0
0
0
0
0
0
0
0
0
0
0
0
0
0
0
0
0
0
0
0
0
0
0
0
0
0
0
0
0
0
0
0
0
0
0
0
0
0
0
0
0
0
0
0
0
0
0
0
0
0
0
0
0
0
0
0
0
0
0
0
0
0
0
0
0
0
0
0
0
0
0
0
0
0
0
0
0
0
0
0
0
0
0
0
0
0
0
0
0
0
0
0
0
0
0
0
0
0
0
0
0
0
0
0
0
0
0
0
0
0
0
0
0
0
0
0
0
0
0
0
0
0
0
0
0
0
0
0
0
0
0
0
0
0
0
0
0
0
0
0
0
0
0
0
0
0
0
0
0
0
0
0
0
0
0
0
0
0
0
0
0
0
0
0
0
0
0
0
0
0
0
0
0
0
0
0
0
0
0
0
0
0
0
0
0
0
0
0
0
0
0
0
0
0
0
0
0
0
0
0
0
0
0
0
0
0
0
0
0
0
0
0
0
0
0
0
0
0
0
0
0
0
0
0
0
0
0
0
0
0
0
0
0
0
0
0
0
0
0
0
0
0
0
0
0
0
0
0
0
0
0
0
0
0
0
0
0
0
0
0
0
0
0
0
0
0
0
0
0
0
0
0
0
0
0
0
0
0
0
0
0
0
0
0
0
0
0
0
0
0
0
0
0
0
0
0
0
0
0
0
0
0
0
0
0
0
0
0
0
0
0
0
0
0
0
0
0
0
0
0
0
0
0
0
0
0
0
0
0
0
0
0
0
0
0
0
0
0
0
0
0
0
0
0
0
0
0
0
0
0
0
0
0
0
0
0
0
0
0
0
0
0
0
0
0
0
0
0
0
0
0
0
0
0
0
0
0
0
0
0
0
0
0
0
0
0
0
0
0
0
0
0
0
0
0
0
0
0
0
0
0
0
0
0
0
0
0
0
0
0
0
0
0
0
0
0
0
0
0
0
0
0
0
0
0
0
0
0
0
0
0
0
0
0
0
0
0
0
0
0
0
0
0
0
0
0
0
0
0
0
0
0
0
0
0
0
0
0
0
0
0
0
0
0
0
0
0
0
0
0
0
0
0
0
0
0
0
0
0
0
0
0
0
0
0
0
0
0
0
0
0
0
0
0
0
0
0
0
0
0
0
0
0
0
0
0
0
0
0
0
0
0
0
0
0
0
0
0
0
0
0
0
0
0
0
0
0
0
0
0
0
0
0
0
0
0
0
0
0
0
0
0
0
0
0
0
0
0
0
0
0
0
0
0
0
0
0
0
0
0
0
0
0
0
0
0
0
0
0
0
0
0
0
0
0
0
0
0
0
0
0
0
0
0
0
0
0
0
0
0
0
0
0
0
0
0
0
0
0
0
0
0
0
0
0
0
0
0
0
0
0
0
0
0
0
0
0
0
0
0
0
0
0
0
0
0
0
0
0
0
0
0
0
0
0
0
0
0
0
0
0
0
0
0
0
0
0
0
0
0
0
0
0
0
0
0
0
0
0
0
0
0
0
0
0
0
0
0
0
0
0
0
0
0
0
0
0
0
0
0
0
0
0
0
0
0
0
0
0
0
0
0
0
0
0
0
0
0
0
0
0
0
0
0
0
0
0
0
0
0
0
0
0
0
0
0
0
0
0
0
0
0
0
0
0
0
0
0
0
0
0
0
0
0
0
0
0
0
0
0
0
0
0
0
0
0
0
0
0
0
0
0
0
0
0
0
0
0
0
0
0
0
0
0
0
0
0
0
0
0
0
0
0
0
0
0
0
0
0
0
0
0
0
0
0
0
0
0
0
0
0
0
0
0
0
0
0
0
0
0
0
0
0
0
0
0
0
0
0
0
0
0
0
0
0
0
0
0
0
0
0
0
0
0
0
0
0
0
0
0
0
0
0
0
0
0
0
0
0
0
0
0
0
0
0
0
0
0
0
0
0
0
0
0
0
0
0
0
0
0
0
0
0
0
0
0
0
0
0
0
0
0
0
0
0
0
0
0
0
0
0
0
0
0
0
0
0
0
0
0
0
0
0
0
0
0
0
0
0
0
0
0
0
0
0
0
0
0
0
0
0
0
0
0
0
0
0
0
0
0
0
0
0
0
0
0
0
0
0
0
0
0
0
0
0
0
0
0
0
0
0
0
0
0
0
0
0
0
0
0
0
0
0
0
0
0
0
0
0
0
0
0
0
0
0
0
0
0
0
0
0
0
0
0
0
0
0
0
0
0
0
0
0
0
0
0
0
0
0
0
0
0
0
0
0
0
0
0
0
0
0
0
0
0
0
0
0
0
0
0
0
0
0
0
0
0
0
0
0
0
0
0
0
0
0
0
0
0
0
0
0
0
0
0
0
0
0
0
0
0
0
0
0
0
0
0
0
0
0
0
0
0
0
0
0
0
0
0
0
0
0
0
0
0
0
0
0
0
0
0
0
0
0
0
0
0
0
0
0
0
0
0
0
0
0
0
0
0
0
0
0
0
0
0
0
0
0
0
0
0
0
0
0
0
0
0
0
0
0
0
0
0
0
0
0
0
0
0
0
0
0
0
0
0
0
0
0
0
0
0
0
0
0
0
0
0
0
0
0
0
0
0
0
0
0
0
0
0
0
0
0
0
0
0
0
0
0
0
0
0
0
0
0
0
0
0
0
0
0
0
0
0
0
0
0
0
0
0
0
0
0
0
0
0
0
0
0
0
0
0
0
0
0
0
0
0
0
0
0
0
0
0
0
0
0
0
0
0
0
0
0
0
0
0
0
0
0
0
0
0
0
0
0
0
0
0
0
0
0
0
0
0
0
0
0
0
0
0
0
0
0
0
0
0
0
0
0
0
0
0
0
0
0
0
0
0
0
0
0
0
0
0
0
0
0
0
0
0
0
0
0
0
0
0
0
0
0
0
0
0
0
0
0
0
0
0
0
0
0
0
0
0
0
0
0
0
0
0
0
0
0
0
0
0
0
0
0
0
0
0
0
0
0
0
0
0
0
0
0
0
0
0
0
0
0
0
0
0
0
0
0
0
0
0
0
0
0
0
0
0
0
0
0
0
0
0
0
0
0
0
0
0
0
0
0
0
0
0
0
0
0
0
0
0
0
0
0
0
0
0
0
0
0
0
0
0
0
0
0
0
0
0
0
0
0
0
0
0
0
0
0
0
0
0
0
0
0
0
0
0
0
0
0
0
0
0
0
0
0
0
0
0
0
0
0
0
0
0
0
0
0
0
0
0
0
0
0
0
0
0
0
0
0
0
0
0
0
0
0
0
0
0
0
0
0
0
0
0
0
0
0
0
0
0
0
0
0
0
0
0
0
0
0
0
0
0
0
0
0
0
0
0
0
0
0
0
0
0
0
0
0
0
0
0
0
0
0
0
0
0
0
0
0
0
0
0
0
0
0
0
0
0
0
0
0
0
0
0
0
0
0
0
0
0
0
0
0
0
0
0
0
0
0
0
0
0
0
0
0
0
0
0
0
0
0
0
0
0
0
0
0
0
0
0
0
0
0
0
0
0
0
0
0
0
0
0
0
0
0
0
0
0
0
0
0
0
0
0
0
0
0
0
0
0
0
0
0
0
0
0
0
0
0
0
0
0
0
0
0
0
0
0
0
0
0
0
0
0
0
0
0
0
0
0
0
0
0
0
0
0
0
0
0
0
0
0
0
0
0
0
0
0
0
0
0
0
0
0
0
0
0
0
0
0
0
0
0
0
0
0
0
0
0
0
0
0
0
0
0
0
0
0
0
0
0
0
0
0
0
0
0
0
0
0
0
0
0
0
0
0
0
0
0
0
0
0
0
0
0
0
0
0
0
0
0
0
0
0
0
0
0
0
0
0
0
0
0
0
0
0
0
0
0
0
0
0
0
0
0
0
0
0
0
0
0
0
0
0
0
0
0
0
0
0
0
0
0
0
0
0
0
0
0
0
0
0
0
0
0
0
0
0
0
0
0
0
0
0
0
0
0
0
0
0
0
0
0
0
0
0
0
0
0
0
0
0
0
0
0
0
0
0
0
0
0
0
0
0
0
0
0
0
0
0
0
0
0
0
0
0
0
0
0
0
0
0
0
0
0
0
0
0
0
0
0
0
0
0
0
0
0
0
0
0
0
0
0
0
0
0
0
0
0
0
0
0
0
0
0
0
0
0
0
0
0
0
0
0
0
0
0
0
0
0
0
0
0
0
0
0
0
0
0
0
0
0
0
0
0
0
0
0
0
0
0
0
0
0
0
0
0
0
0
0
0
0
0
0
0
0
0
0
0
0
0
0
0
0
0
0
0
0
0
0
0
0
0
0
0
0
0
0
0
0
0
0
0
0
0
0
0
0
0
0
0
0
0
0
0
0
0
0
0
0
0
0
0
0
0
0
0
0
0
0
0
0
0
0
0
0
0
0
0
0
0
0
0
0
0
0
0
0
0
0
0
0
0
0
0
0
0
0
0
0
0
0
0
0
0
0
0
0
0
0
0
0
0
0
0
0
0
0
0
0
0
0
0
0
0
0
0
0
0
0
0
0
0
0
0
0
0
0
0
0
0
0
0
0
0
0
0
0
0
0
0
0
0
0
0
0
0
0
0
0
0
0
0
0
0
0
0
0
0
0
0
0
0
0
0
0
0
0
0
0
0
0
0
0
0
0
0
0
0
0
0
0
0
0
0
0
0
0
0
0
0
0
0
0
0
0
0
0
0
0
0
0
0
0
0
0
0
0
0
0
0
0
0
0
0
0
0
0
0
0
0
0
0
0
0
0
0
0
0
0
0
0
0
0
0
0
0
0
0
0
0
0
0
0
0
0
0
0
0
0
0
0
0
0
0
0
0
0
0
0
0
0
0
0
0
0
0
0
0
0
0
0
0
0
0
0
0
0
0
0
0
0
0
0
0
0
0
0
0
0
0
0
0
0
0
0
0
0
0
0
0
0
0
0
0
0
0
0
0
0
0
0
0
0
0
0
0
0
0
0
0
0
0
0
0
0
0
0
0
0
0
0
0
0
0
0
0
0
0
0
0
0
0
0
0
0
0
0
0
0
0
0
0
0
0
0
0
0
0
0
0
0
0
0
0
0
0
0
0
0
0
0
0
0
0
0
0
0
0
0
0
0
0
0
0
0
0
0
0
0
0
0
0
0
0
0
0
0
0
0
0
0
0
0
0
0
0
0
0
0
0
0
0
0
0
0
0
0
0
0
0
0
0
0
0
0
0
0
0
0
0
0
0
0
0
0
0
0
0
0
0
0
0
0
0
0
0
0
0
0
0
0
0
0
0
0
0
0
0
0
0
0
0
0
0
0
0
0
0
0
0
0
0
0
0
0
0
0
0
0
0
0
0
0
0
0
0
0
0
0
0
0
0
0
0
0
0
0
0
0
0
0
0
0
0
0
0
0
0
0
0
0
0
0
0
0
0
0
0
0
0
0
0
0
0
0
0
0
0
0
0
0
0
0
0
0
0
0
0
0
0
0
0
0
0
0
0
0
0
0
0
0
0
0
0
0
0
0
0
0
0
0
0
0
0
0
0
0
0
0
0
0
0
0
0
0
0
0
0
0
0
0
0
0
0
0
0
0
0
0
0
0
0
0
0
0
0
0
0
0
0
0
0
0
0
0
0
0
0
0
0
0
0
0
0
0
0
0
0
0
0
0
0
0
0
0
0
0
0
0
0
0
0
0
0
0
0
0
0
0
0
0
0
0
0
0
0
0
0
0
0
0
0
0
0
0
0
0
0
0
0
0
0
0
0
0
0
0
0
0
0
0
0
0
0
0
0
0
0
0
0
0
0
0
0
0
0
0
0
0
0
0
0
0
0
0
0
0
0
0
0
0
0
0
0
0
0
0
0
0
0
0
0
0
0
0
0
0
0
0
0
0
0
0
0
0
0
0
0
0
0
0
0
0
0
0
0
0
0
0
0
0
0
0
0
0
0
0
0
0
0
0
0
0
0
0
0
0
0
0
0
0
0
0
0
0
0
0
0
0
0
0
0
0
0
0
0
0
0
0
0
0
0
0
0
0
0
0
0
0
0
0
0
0
0
0
0
0
0
0
0
0
0
0
0
0
0
0
0
0
0
0
0
0
0
0
0
0
0
0
0
0
0
0
0
0
0
0
0
0
0
0
0
0
0
0
0
0
0
0
0
0
0
0
0
0
0
0
0
0
0
0
0
0
0
0
0
0
0
0
0
0
0
0
0
0
0
0
0
0
0
0
0
0
0
0
0
0
0
0
0
0
0
0
0
0
0
0
0
0
0
0
0
0
0
0
0
0
0
0
0
0
0
0
0
0
0
0
0
0
0
0
0
0
0
0
0
0
0
0
0
0
0
0
0
0
0
0
0
0
0
0
0
0
0
0
0
0
0
0
0
0
0
0
0
0
0
0
0
0
0
0
0
0
0
0
0
0
0
0
0
0
0
0
0
0
0
0
0
0
0
0
0
0
0
0
0
0
0
0
0
0
0
0
0
0
0
0
0
0
0
0
0
0
0
0
0
0
0
0
0
0
0
0
0
0
0
0
0
0
0
0
0
0
0
0
0
0
0
0
0
0
0
0
0
0
0
0
0
0
0
0
0
0
0
0
0
0
0
0
0
0
0
0
0
0
0
0
0
0
0
0
0
0
0
0
0
0
0
0
0
0
0
0
0
0
0
0
0
0
0
0
0
0
0
0
0
0
0
0
0
0
0
0
0
0
0
0
0
0
0
0
0
0
0
0
0
0
0
0
0
0
0
0
0
0
0
0
0
0
0
0
0
0
0
0
0
0
0
0
0
0
0
0
0
0
0
0
0
0
0
0
0
0
0
0
0
0
0
0
0
0
0
0
0
0
0
0
0
0
0
0
0
0
0
0
0
0
0
0
0
0
0
0
0
0
0
0
0
0
0
0
0
0
0
0
0
0
0
0
0
0
0
0
0
0
0
0
0
0
0
0
0
0
0
0
0
0
0
0
0
0
0
0
0
0
0
0
0
0
0
0
0
0
0
0
0
0
0
0
0
0
0
0
0
0
0
0
0
0
0
0
0
0
0
0
0
0
0
0
0
0
0
0
0
0
0
0
0
0
0
0
0
0
0
0
0
0
0
0
0
0
0
0
0
0
0
0
0
0
0
0
0
0
0
0
0
0
0
0
0
0
0
0
0
0
0
0
0
0
0
0
0
0
0
0
0
0
0
0
0
0
0
0
0
0
0
0
0
0
0
0
0
0
0
0
0
0
0
0
0
0
0
0
0
0
0
0
0
0
0
0
0
0
0
0
0
0
0
0
0
0
0
0
0
0
0
0
0
0
0
0
0
0
0
0
0
0
0
0
0
0
0
0
0
0
0
0
0
0
0
0
0
0
0
0
0
0
0
0
0
0
0
0
0
0
0
0
0
0
0
0
0
0
0
0
0
0
0
0
0
0
0
0
0
0
0
0
0
0
0
0
0
0
0
0
0
0
0
0
0
0
0
0
0
0
0
0
0
0
0
0
0
0
0
0
0
0
0
0
0
0
0
0
0
0
0
0
0
0
0
0
0
0
0
0
0
0
0
0
0
0
0
0
0
0
0
0
0
0
0
0
0
0
0
0
0
0
0
0
0
0
0
0
0
0
0
0
0
0
0
0
0
0
0
0
0
0
0
0
0
0
0
0
0
0
0
0
0
0
0
0
0
0
0
0
0
0
0
0
0
0
0
0
0
0
0
0
0
0
0
0
0
0
0
0
0
0
0
0
0
0
0
0
0
0
0
0
0
0
0
0
0
0
0
0
0
0
0
0
0
0
0
0
0
0
0
0
0
0
0
0
0
0
0
0
0
0
0
0
0
0
0
0
0
0
0
0
0
0
0
0
0
0
0
0
0
0
0
0
0
0
0
0
0
0
0
0
0
0
0
0
0
0
0
0
0
0
0
0
0
0
0
0
0
0
0
0
0
0
0
0
0
0
0
0
0
0
0
0
0
0
0
0
0
0
0
0
0
0
0
0
0
0
0
0
0
0
0
0
0
0
0
0
0
0
0
0
0
0
0
0
0
0
0
0
0
0
0
0
0
0
0
0
0
0
0
0
0
0
0
0
0
0
0
0
0
0
0
0
0
0
0
0
0
0
0
0
0
0
0
0
0
0
0
0
0
0
0
0
0
0
0
0
0
0
0
0
0
0
0
0
0
0
0
0
0
0
0
0
0
0
0
0
0
0
0
0
0
0
0
0
0
0
0
0
0
0
0
0
0
0
0
0
0
0
0
0
0
0
0
0
0
0
0
0
0
0
0
0
0
0
0
0
0
0
0
0
0
0
0
0
0
0
0
0
0
0
0
0
0
0
0
0
0
0
0
0
0
0
0
0
0
0
0
0
0
0
0
0
0
0
0
0
0
0
0
0
0
0
0
0
0
0
0
0
0
0
0
0
0
0
0
0
0
0
0
0
0
0
0
0
0
0
0
0
0
0
0
0
0
0
0
0
0
0
0
0
0
0
0
0
0
0
0
0
0
0
0
0
0
0
0
0
0
0
0
0
0
0
0
0
0
0
0
0
0
0
0
0
0
0
0
0
0
0
0
0
0
0
0
0
0
0
0
0
0
0
0
0
0
0
0
0
0
0
0
0
0
0
0
0
0
0
0
0
0
0
0
0
0
0
0
0
0
0
0
0
0
0
0
0
0
0
0
0
0
0
0
0
0
0
0
0
0
0
0
0
0
0
0
0
0
0
0
0
0
0
0
0
0
0
0
0
0
0
0
0
0
0
0
0
0
0
0
0
0
0
0
0
0
0
0
0
0
0
0
0
0
0
0
0
0
0
0
0
0
0
0
0
0
0
0
0
0
0
0
0
0
0
0
0
0
0
0
0
0
0
0
0
0
0
0
0
0
0
0
0
0
0
0
0
0
0
0
0
0
0
0
0
0
0
0
0
0
0
0
0
0
0
0
0
0
0
0
0
0
0
0
0
0
0
0
0
0
0
0
0
0
0
0
0
0
0
0
0
0
0
0
0
0
0
0
0
0
0
0
0
0
0
0
0
0
0
0
0
0
0
0
0
0
0
0
0
0
0
0
0
0
0
0
0
0
0
0
0
0
0
0
0
0
0
0
0
0
0
0
0
0
0
0
0
0
0
0
0
0
0
0
0
0
0
0
0
0
0
0
0
0
0
0
0
0
0
0
0
0
0
0
0
0
0
0
0
0
0
0
0
0
0
0
0
0
0
0
0
0
0
0
0
0
0
0
0
0
0
0
0
0
0
0
0
0
0
0
0
0
0
0
0
0
0
0
0
0
0
0
0
0
0
0
0
0
0
0
0
0
0
0
0
0
0
0
0
0
0
0
0
0
0
0
0
0
0
0
0
0
0
0
0
0
0
0
0
0
0
0
0
0
0
0
0
0
0
0
0
0
0
0
0
0
0
0
0
0
0
0
0
0
0
0
0
0
0
0
0
0
0
0
0
0
0
0
0
0
0
0
0
0
0
0
0
0
0
0
0
0
0
0
0
0
0
0
0
0
0
0
0
0
0
0
0
0
0
0
0
0
0
0
0
0
0
0
0
0
0
0
0
0
0
0
0
0
0
0
0
0
0
0
0
0
0
0
0
0
0
0
0
0
0
0
0
0
0
0
0
0
0
0
0
0
0
0
0
0
0
0
0
0
0
0
0
0
0
0
0
0
0
0
0
0
0
0
0
0
0
0
0
0
0
0
0
0
0
0
0
0
0
0
0
0
0
0
0
0
0
0
0
0
0
0
0
0
0
0
0
0
0
0
0
0
0
0
0
0
0
0
0
0
0
0
0
0
0
0
0
0
0
0
0
0
0
0
0
0
0
0
0
0
0
0
0
0
0
0
0
0
0
0
0
0
0
0
0
0
0
0
0
0
0
0
0
0
0
0
0
0
0
0
0
0
0
0
0
0
0
0
0
0
0
0
0
0
0
0
0
0
0
0
0
0
0
0
0
0
0
0
0
0
0
0
0
0
0
0
0
0
0
0
0
0
0
0
0
0
0
0
0
0
0
0
0
0
0
0
0
0
0
0
0
0
0
0
0
0
0
0
0
0
0
0
0
0
0
0
0
0
0
0
0
0
0
0
0
0
0
0
0
0
0
0
0
0
0
0
0
0
0
0
0
0
0
0
0
0
0
0
0
0
0
0
0
0
0
0
0
0
0
0
0
0
0
0
0
0
0
0
0
0
0
0
0
0
0
0
0
0
0
0
0
0
0
0
0
0
0
0
0
0
0
0
0
0
0
0
0
0
0
0
0
0
0
0
0
0
0
0
0
0
0
0
0
0
0
0
0
0
0
0
0
0
0
0
0
0
0
0
0
0
0
0
0
0
0
0
0
0
0
0
0
0
0
0
0
0
0
0
0
0
0
0
0
0
0
0
0
0
0
0
0
0
0
0
0
0
0
0
0
0
0
0
0
0
0
0
0
0
0
0
0
0
0
0
0
0
0
0
0
0
0
0
0
0
0
0
0
0
0
0
0
0
0
0
0
0
0
0
0
0
0
0
0
0
0
0
0
0
0
0
0
0
0
0
0
0
0
0
0
0
0
0
0
0
0
0
0
0
0
0
0
0
0
0
0
0
0
0
0
0
0
0
0
0
0
0
0
0
0
0
0
0
0
0
0
0
0
0
0
0
0
0
0
0
0
0
0
0
0
0
0
0
0
0
0
0
0
0
0
0
0
0
0
0
0
0
0
0
0
0
0
0
0
0
0
0
0
0
0
0
0
0
0
0
0
0
0
0
0
0
0
0
0
0
0
0
0
0
0
0
0
0
0
0
0
0
0
0
0
0
0
0
0
0
0
0
0
0
0
0
0
0
0
0
0
0
0
0
0
0
0
0
0
0
0
0
0
0
0
0
0
0
0
0
0
0
0
0
0
0
0
0
0
0
0
0
0
0
0
0
0
0
0
0
0
0
0
0
0
0
0
0
0
0
0
0
0
0
0
0
0
0
0
0
0
0
0
0
0
0
0
0
0
0
0
0
0
0
0
0
0
0
0
0
0
0
0
0
0
0
0
0
0
0
0
0
0
0
0
0
0
0
0
0
0
0
0
0
0
0
0
0
0
0
0
0
0
0
0
0
0
0
0
0
0
0
0
0
0
0
0
0
0
0
0
0
0
0
0
0
0
0
0
0
0
0
0
0
0
0
0
0
0
0
0
0
0
0
0
0
0
0
0
0
0
0
0
0
0
0
0
0
0
0
0
0
0
0
0
0
0
0
0
0
0
0
0
0
0
0
0
0
0
0
0
0
0
0
0
0
0
0
0
0
0
0
0
0
0
0
0
0
0
0
0
0
0
0
0
0
0
0
0
0
0
0
0
0
0
0
0
0
0
0
0
0
0
0
0
0
0
0
0
0
0
0
0
0
0
0
0
0
0
0
0
0
0
0
0
0
0
0
0
0
0
0
0
0
0
0
0
0
0
0
0
0
0
0
0
0
0
0
0
0
0
0
0
0
0
0
0
0
0
0
0
0
0
0
0
0
0
0
0
0
0
0
0
0
0
0
0
0
0
0
0
0
0
0
0
0
0
0
0
0
0
0
0
0
0
0
0
0
0
0
0
0
0
0
0
0
0
0
0
0
0
0
0
0
0
0
0
0
0
0
0
0
0
0
0
0
0
0
0
0
0
0
0
0
0
0
0
0
0
0
0
0
0
0
0
0
0
0
0
0
0
0
0
0
0
0
0
0
0
0
0
0
0
0
0
0
0
0
0
0
0
0
0
0
0
0
0
0
0
0
0
0
0
0
0
0
0
0
0
0
0
0
0
0
0
0
0
0
0
0
0
0
0
0
0
0
0
0
0
0
0
0
0
0
0
0
0
0
0
0
0
0
0
0
0
0
0
0
0
0
0
0
0
0
0
0
0
0
0
0
0
0
0
0
0
0
0
0
0
0
0
0
0
0
0
0
0
0
0
0
0
0
0
0
0
0
0
0
0
0
0
0
0
0
0
0
0
0
0
0
0
0
0
0
0
0
0
0
0
0
0
0
0
0
0
0
0
0
0
0
0
0
0
0
0
0
0
0
0
0
0
0
0
0
0
0
0
0
0
0
0
0
0
0
0
0
0
0
0
0
0
0
0
0
0
0
0
0
0
0
0
0
0
0
0
0
0
0
0
0
0
0
0
0
0
0
0
0
0
0
0
0
0
0
0
0
0
0
0
0
0
0
0
0
0
0
0
0
0
0
0
0
0
0
0
0
0
0
0
0
0
0
0
0
0
0
0
0
0
0
0
0
0
0
0
0
0
0
0
0
0
0
0
0
0
0
0
0
0
0
0
0
0
0
0
0
0
0
0
0
0
0
0
0
0
0
0
0
0
0
0
0
0
0
0
0
0
0
0
0
0
0
0
0
0
0
0
0
0
0
0
0
0
0
0
0
0
0
0
0
0
0
0
0
0
0
0
0
0
0
0
0
0
0
0
0
0
0
0
0
0
0
0
0
0
0
0
0
0
0
0
0
0
0
0
0
0
0
0
0
0
0
0
0
0
0
0
0
0
0
0
0
0
0
0
0
0
0
0
0
0
0
0
0
0
0
0
0
0
0
0
0
0
0
0
0
0
0
0
0
0
0
0
0
0
0
0
0
0
0
0
0
0
0
0
0
0
0
0
0
0
0
0
0
0
0
0
0
0
0
0
0
0
0
0
0
0
0
0
0
0
0
0
0
0
0
0
0
0
0
0
0
0
0
0
0
0
0
0
0
0
0
0
0
0
0
0
0
0
0
0
0
0
0
0
0
0
0
0
0
0
0
0
0
0
0
0
0
0
0
0
0
0
0
0
0
0
0
0
0
0
0
0
0
0
0
0
0
0
0
0
0
0
0
0
0
0
0
0
0
0
0
0
0
0
0
0
0
0
0
0
0
0
0
0
0
0
0
0
0
0
0
0
0
0
0
0
0
0
0
0
0
0
0
0
0
0
0
0
0
0
0
0
0
0
0
0
0
0
0
0
0
0
0
0
0
0
0
0
0
0
0
0
0
0
0
0
0
0
0
0
0
0
0
0
0
0
0
0
0
0
0
0
0
0
0
0
0
0
0
0
0
0
0
0
0
0
0
0
0
0
0
0
0
0
0
0
0
0
0
0
0
0
0
0
0
0
0
0
0
0
0
0
0
0
0
0
0
0
0
0
0
0
0
0
0
0
0
0
0
0
0
0
0
0
0
0
0
0
0
0
0
0
0
0
0
0
0
0
0
0
0
0
0
0
0
0
0
0
0
0
0
0
0
0
0
0
0
0
0
0
0
0
0
0
0
0
0
0
0
0
0
0
0
0
0
0
0
0
0
0
0
0
0
0
0
0
0
0
0
0
0
0
0
0
0
0
0
0
0
0
0
0
0
0
0
0
0
0
0
0
0
0
0
0
0
0
0
0
0
0
0
0
0
0
0
0
0
0
0
0
0
0
0
0
0
0
0
0
0
0
0
0
0
0
0
0
0
0
0
0
0
0
0
0
0
0
0
0
0
0
0
0
0
0
0
0
0
0
0
0
0
0
0
0
0
0
0
0
0
0
0
0
0
0
0
0
0
0
0
0
0
0
0
0
0
0
0
0
0
0
0
0
0
0
0
0
0
0
0
0
0
0
0
0
0
0
0
0
0
0
0
0
0
0
0
0
0
0
0
0
0
0
0
0
0
0
0
0
0
0
0
0
0
0
0
0
0
0
0
0
0
0
0
0
0
0
0
0
0
0
0
0
0
0
0
0
0
0
0
0
0
0
0
0
0
0
0
0
0
0
0
0
0
0
0
0
0
0
0
0
0
0
0
0
0
0
0
0
0
0
0
0
0
0
0
0
0
0
0
0
0
0
0
0
0
0
0
0
0
0
0
0
0
0
0
0
0
0
0
0
0
0
0
0
0
0
0
0
0
0
0
0
0
0
0
0
0
0
0
0
0
0
0
0
0
0
0
0
0
0
0
0
0
0
0
0
0
0
0
0
0
0
0
0
0
0
0
0
0
0
0
0
0
0
0
0
0
0
0
0
0
0
0
0
0
0
0
0
0
0
0
0
0
0
0
0
0
0
0
0
0
0
0
0
0
0
0
0
0
0
0
0
0
0
0
0
0
0
0
0
0
0
0
0
0
0
0
0
0
0
0
0
0
0
0
0
0
0
0
0
0
0
0
0
0
0
0
0
0
0
0
0
0
0
0
0
0
0
0
0
0
0
0
0
0
0
0
0
0
0
0
0
0
0
0
0
0
0
0
0
0
0
0
0
0
0
0
0
0
0
0
0
0
0
0
0
0
0
0
0
0
0
0
0
0
0
0
0
0
0
0
0
0
0
0
0
0
0
0
0
0
0
0
0
0
0
0
0
0
0
0
0
0
0
0
0
0
0
0
0
0
0
0
0
0
0
0
0
0
0
0
0
0
0
0
0
0
0
0
0
0
0
0
0
0
0
0
0
0
0
0
0
0
0
0
0
0
0
0
0
0
0
0
0
0
0
0
0
0
0
0
0
0
0
0
0
0
0
0
0
0
0
0
0
0
0
0
0
0
0
0
0
0
0
0
0
0
0
0
0
0
0
0
0
0
0
0
0
0
0
0
0
0
0
0
0
0
0
0
0
0
0
0
0
0
0
0
0
0
0
0
0
0
0
0
0
0
0
0
0
0
0
0
0
0
0
0
0
0
0
0
0
0
0
0
0
0
0
0
0
0
0
0
0
0
0
0
0
0
0
0
0
0
0
0
0
0
0
0
0
0
0
0
0
0
0
0
0
0
0
0
0
0
0
0
0
0
0
0
0
0
0
0
0
0
0
0
0
0
0
0
0
0
0
0
0
0
0
0
0
0
0
0
0
0
0
0
0
0
0
0
0
0
0
0
0
0
0
0
0
0
0
0
0
0
0
0
0
0
0
0
0
0
0
0
0
0
0
0
0
0
0
0
0
0
0
0
0
0
0
0
0
0
0
0
0
0
0
0
0
0
0
0
0
0
0
0
0
0
0
0
0
0
0
0
0
0
0
0
0
0
0
0
0
0
0
0
0
0
0
0
0
0
0
0
0
0
0
0
0
0
0
0
0
0
0
0
0
0
0
0
0
0
0
0
0
0
0
0
0
0
0
0
0
0
0
0
0
0
0
0
0
0
0
0
0
0
0
0
0
0
0
0
0
0
0
0
0
0
0
0
0
0
0
0
0
0
0
0
0
0
0
0
0
0
0
0
0
0
0
0
0
0
0
0
0
0
0
0
0
0
0
0
0
0
0
0
0
0
0
0
0
0
0
0
0
0
0
0
0
0
0
0
0
0
0
0
0
0
0
0
0
0
0
0
0
0
0
0
0
0
0
0
0
0
0
0
0
0
0
0
0
0
0
0
0
0
0
0
0
0
0
0
0
0
0
0
0
0
0
0
0
0
0
0
0
0
0
0
0
0
0
0
0
0
0
0
0
0
0
0
0
0
0
0
0
0
0
0
0
0
0
0
0
0
0
0
0
0
0
0
0
0
0
0
0
0
0
0
0
0
0
0
0
0
0
0
0
0
0
0
0
0
0
0
0
0
0
0
0
0
0
0
0
0
0
0
0
0
0
0
0
0
0
0
0
0
0
0
0
0
0
0
0
0
0
0
0
0
0
0
0
0
0
0
0
0
0
0
0
0
0
0
0
0
0
0
0
0
0
0
0
0
0
0
0
0
0
0
0
0
0
0
0
0
0
0
0
0
0
0
0
0
0
0
0
0
0
0
0
0
0
0
0
0
0
0
0
0
0
0
0
0
0
0
0
0
0
0
0
0
0
0
0
0
0
0
0
0
0
0
0
0
0
0
0
0
0
0
0
0
0
0
0
0
0
0
0
0
0
0
0
0
0
0
0
0
0
0
0
0
0
0
0
0
0
0
0
0
0
0
0
0
0
0
0
0
0
0
0
0
0
0
0
0
0
0
0
0
0
0
0
0
0
0
0
0
0
0
0
0
0
0
0
0
0
0
0
0
0
0
0
0
0
0
0
0
0
0
0
0
0
0
0
0
0
0
0
0
0
0
0
0
0
0
0
0
0
0
0
0
0
0
0
0
0
0
0
0
0
0
0
0
0
0
0
0
0
0
0
0
0
0
0
0
0
0
0
0
0
0
0
0
0
0
0
0
0
0
0
0
0
0
0
0
0
0
0
0
0
0
0
0
0
0
0
0
0
0
0
0
0
0
0
0
0
0
0
0
0
0
0
0
0
0
0
0
0
0
0
0
0
0
0
0
0
0
0
0
0
0
0
0
0
0
0
0
0
0
0
0
0
0
0
0
0
0
0
0
0
0
0
0
0
0
0
0
0
0
0
0
0
0
0
0
0
0
0
0
0
0
0
0
0
0
0
0
0
0
0
0
0
0
0
0
0
0
0
0
0
0
0
0
0
0
0
0
0
0
0
0
0
0
0
0
0
0
0
0
0
0
0
0
0
0
0
0
0
0
0
0
0
0
0
0
0
0
0
0
0
0
0
0
0
0
0
0
0
0
0
0
0
0
0
0
0
0
0
0
0
0
0
0
0
0
0
0
0
0
0
0
0
0
0
0
0
0
0
0
0
0
0
0
0
0
0
0
0
0
0
0
0
0
0
0
0
0
0
0
0
0
0
0
0
0
0
0
0
0
0
0
0
0
0
0
0
0
0
0
0
0
0
0
0
0
0
0
0
0
0
0
0
0
0
0
0
0
0
0
0
0
0
0
0
0
0
0
0
0
0
0
0
0
0
0
0
0
0
0
0
0
0
0
0
0
0
0
0
0
0
0
0
0
0
0
0
0
0
0
0
0
0
0
0
0
0
0
0
0
0
0
0
0
0
0
0
0
0
0
0
0
0
0
0
0
0
0
0
0
0
0
0
0
0
0
0
0
0
0
0
0
0
0
0
0
0
0
0
0
0
0
0
0
0
0
0
0
0
0
0
0
0
0
0
0
0
0
0
0
0
0
0
0
0
0
0
0
0
0
0
0
0
0
0
0
0
0
0
0
0
0
0
0
0
0
0
0
0
0
0
0
0
0
0
0
0
0
0
0
0
0
0
0
0
0
0
0
0
0
0
0
0
0
0
0
0
0
0
0
0
0
0
0
0
0
0
0
0
0
0
0
0
0
0
0
0
0
0
0
0
0
0
0
0
0
0
0
0
0
0
0
0
0
0
0
0
0
0
0
0
0
0
0
0
0
0
0
0
0
0
0
0
0
0
0
0
0
0
0
0
0
0
0
0
0
0
0
0
0
0
0
0
0
0
0
0
0
0
0
0
0
0
0
0
0
0
0
0
0
0
0
0
0
0
0
0
0
0
0
0
0
0
0
0
0
0
0
0
0
0
0
0
0
0
0
0
0
0
0
0
0
0
0
0
0
0
0
0
0
0
0
0
0
0
0
0
0
0
0
0
0
0
0
0
0
0
0
0
0
0
0
0
0
0
0
0
0
0
0
0
0
0
0
0
0
0
0
0
0
0
0
0
0
0
0
0
0
0
0
0
0
0
0
0
0
0
0
0
0
0
0
0
0
0
0
0
0
0
0
0
0
0
0
0
0
0
0
0
0
0
0
0
0
0
0
0
0
0
0
0
0
0
0
0
0
0
0
0
0
0
0
0
0
0
0
0
0
0
0
0
0
0
0
0
0
0
0
0
0
0
0
0
0
0
0
0
0
0
0
0
0
0
0
0
0
0
0
0
0
0
0
0
0
0
0
0
0
0
0
0
0
0
0
0
0
0
0
0
0
0
0
0
0
0
0
0
0
0
0
0
0
0
0
0
0
0
0
0
0
0
0
0
0
0
0
0
0
0
0
0
0
0
0
0
0
0
0
0
0
0
0
0
0
0
0
0
0
0
0
0
0
0
0
0
0
0
0
0
0
0
0
0
0
0
0
0
0
0
0
0
0
0
0
0
0
0
0
0
0
0
0
0
0
0
0
0
0
0
0
0
0
0
0
0
0
0
0
0
0
0
0
0
0
0
0
0
0
0
0
0
0
0
0
0
0
0
0
0
0
0
0
0
0
0
0
0
0
0
0
0
0
0
0
0
0
0
0
0
0
0
0
0
0
0
0
0
0
0
0
0
0
0
0
0
0
0
0
0
0
0
0
0
0
0
0
0
0
0
0
0
0
0
0
0
0
0
0
0
0
0
0
0
0
0
0
0
0
0
0
0
0
0
0
0
0
0
0
0
0
0
0
0
0
0
0
0
0
[41m[37mEnd of the training. 300000 iterations. Error: 0[m
POINTS_FILE = points.data
BOUNDARY_FILE = boundary.data
LINE_FILE = line.data
OUTPUT_FILE = images/output.png
TITLE_PLOT = 
Fontconfig warning: ignoring C.UTF-8: not a valid language tag

Drawing boundary.

Adjust axes for better viewing.

Drawing data.

Saving to a file (images/output.png).
warning: print.m: epstool binary is not available.
Some output formats are not available.
warning: print.m: fig2dev binary is not available.
Some output formats are not available.
+-----------------------------------------------------------------------------+
|                                                                             |
|            1 +-------------------------------------------------+            |
|              +---G---G--G---G---------------G---G--G-----G---G+|            |
|              |+     G++        ++ G   G + G      G G++G   G GG||            |
|              G++ G   +   G G   +   G  G++    G   +++          G|            |
|              | ++G   +G        +     +++   G   ++     G  G++++||            |
|          0.5 |G  +  G+        ++     + G G   ++++G+++++++ G ++||            |
|              | G ++  ++ G   G++ G  +++       ++++       ++++++||            |
|              |    G+  ++     +++++++ G             G ++++G +++||            |
|              | G   ++G++   G G     ++++G++   G  G ++++G  ++G  ||            |
|            0 |+        ++G++   G++++GG  +      ++++   ++++    ||            |
|              |  G   G ++   ++++++     ++  G +++     +++ G     ||            |
|              |   ++++++     G    G  +++  ++++ G   G++         ||            |
|              |++++    G           +++   ++G      +++G     +++ ||            |
|              |G    G    G       +++ G +++     G ++      G++ + ||            |
|         -0.5 |+  G          G +++G  G++    G   ++     +++   + ||            |
|              |++++    G      ++     ++        ++ G  G++   G + ||            |
|              | G  ++++       + G  G++    G   ++     +G  G  ++ ||            |
|              |    G  ++      +G  G++ G      ++G   +++    G +  ||            |
|              |   G   G++  G  ++  ++   +   G++    +++   G   + G||            |
|           -1 +------------------------------------------------++            |
|             -1          -0.5          0           0.5          1            |
+-----------------------------------------------------------------------------+
Fontconfig warning: ignoring C.UTF-8: not a valid language tag
[       OK ] NeuralNetworkTests.TestSGDOverfit (204578 ms)
[----------] 12 tests from NeuralNetworkTests (204964 ms total)

[----------] Global test environment tear-down
[==========] 12 tests from 1 test case ran. (204964 ms total)
[  PASSED  ] 5 tests.
[  FAILED  ] 7 tests, listed below:
[  FAILED  ] NeuralNetworkTests.TestTrain1
[  FAILED  ] NeuralNetworkTests.TestTrain3
[  FAILED  ] NeuralNetworkTests.TestConstructorVectorLayers
[  FAILED  ] NeuralNetworkTests.TestSaveLoad
[  FAILED  ] NeuralNetworkTests.TestDeltaStop
[  FAILED  ] NeuralNetworkTests.TestTrain6
[  FAILED  ] NeuralNetworkTests.TestSGD

 7 FAILED TESTS
<end of output>
Test time = 204.97 sec
----------------------------------------------------------
Test Failed.
"neural_tests" end time: Apr 23 23:25 UTC
"neural_tests" time elapsed: 00:03:24
----------------------------------------------------------

End testing: Apr 23 23:25 UTC
